[2024-10-25T17:29:45.026+0000] {manager.py:483} INFO - Processing files using up to 2 processes at a time 
[2024-10-25T17:29:45.027+0000] {manager.py:484} INFO - Process each file at most once every 30 seconds
[2024-10-25T17:29:45.028+0000] {manager.py:485} INFO - Checking for new files in /opt/airflow/dags every 300 seconds
[2024-10-25T17:29:45.029+0000] {manager.py:821} INFO - Searching for files in /opt/airflow/dags
[2024-10-25T17:29:45.045+0000] {manager.py:824} INFO - There are 1 files in /opt/airflow/dags
[2024-10-25T17:29:45.138+0000] {manager.py:997} INFO - 
================================================================================
DAG File Processing Stats

File Path                      PID  Runtime      # DAGs    # Errors  Last Runtime    Last Run      Last # of DB Queries
---------------------------  -----  ---------  --------  ----------  --------------  ----------  ----------------------
/opt/airflow/dags/my_dag.py    172  0.04s             0           0                                                   0
================================================================================
[2024-10-25T17:30:15.333+0000] {manager.py:997} INFO - 
================================================================================
DAG File Processing Stats

File Path                    PID    Runtime      # DAGs    # Errors  Last Runtime    Last Run               Last # of DB Queries
---------------------------  -----  ---------  --------  ----------  --------------  -------------------  ----------------------
/opt/airflow/dags/my_dag.py                           1           0  0.49s           2024-10-25T17:29:45                      42
================================================================================
[2024-10-25T17:30:46.010+0000] {manager.py:997} INFO - 
================================================================================
DAG File Processing Stats

File Path                      PID  Runtime      # DAGs    # Errors  Last Runtime    Last Run               Last # of DB Queries
---------------------------  -----  ---------  --------  ----------  --------------  -------------------  ----------------------
/opt/airflow/dags/my_dag.py    182  0.00s             1           0  0.14s           2024-10-25T17:30:15                      12
================================================================================
[2024-10-25T17:31:16.344+0000] {manager.py:997} INFO - 
================================================================================
DAG File Processing Stats

File Path                      PID  Runtime      # DAGs    # Errors  Last Runtime    Last Run               Last # of DB Queries
---------------------------  -----  ---------  --------  ----------  --------------  -------------------  ----------------------
/opt/airflow/dags/my_dag.py    187  0.01s             1           0  0.13s           2024-10-25T17:30:46                      12
================================================================================
[2024-10-25T17:31:46.565+0000] {manager.py:997} INFO - 
================================================================================
DAG File Processing Stats

File Path                      PID  Runtime      # DAGs    # Errors  Last Runtime    Last Run               Last # of DB Queries
---------------------------  -----  ---------  --------  ----------  --------------  -------------------  ----------------------
/opt/airflow/dags/my_dag.py    192  0.01s             1           0  0.13s           2024-10-25T17:31:16                      12
================================================================================
[2024-10-25T17:32:16.871+0000] {manager.py:997} INFO - 
================================================================================
DAG File Processing Stats

File Path                      PID  Runtime      # DAGs    # Errors  Last Runtime    Last Run               Last # of DB Queries
---------------------------  -----  ---------  --------  ----------  --------------  -------------------  ----------------------
/opt/airflow/dags/my_dag.py    197  0.00s             1           0  0.13s           2024-10-25T17:31:46                      12
================================================================================
[2024-10-25T17:32:47.105+0000] {manager.py:997} INFO - 
================================================================================
DAG File Processing Stats

File Path                      PID  Runtime      # DAGs    # Errors  Last Runtime    Last Run               Last # of DB Queries
---------------------------  -----  ---------  --------  ----------  --------------  -------------------  ----------------------
/opt/airflow/dags/my_dag.py    202  0.00s             1           0  0.13s           2024-10-25T17:32:17                      12
================================================================================
[2024-10-25T17:33:17.418+0000] {manager.py:997} INFO - 
================================================================================
DAG File Processing Stats

File Path                      PID  Runtime      # DAGs    # Errors  Last Runtime    Last Run               Last # of DB Queries
---------------------------  -----  ---------  --------  ----------  --------------  -------------------  ----------------------
/opt/airflow/dags/my_dag.py    207  0.00s             1           0  0.12s           2024-10-25T17:32:47                      12
================================================================================
[2024-10-25T17:33:47.644+0000] {manager.py:997} INFO - 
================================================================================
DAG File Processing Stats

File Path                      PID  Runtime      # DAGs    # Errors  Last Runtime    Last Run               Last # of DB Queries
---------------------------  -----  ---------  --------  ----------  --------------  -------------------  ----------------------
/opt/airflow/dags/my_dag.py    212  0.00s             1           0  0.13s           2024-10-25T17:33:17                      12
================================================================================
[2024-10-25T17:34:17.954+0000] {manager.py:997} INFO - 
================================================================================
DAG File Processing Stats

File Path                      PID  Runtime      # DAGs    # Errors  Last Runtime    Last Run               Last # of DB Queries
---------------------------  -----  ---------  --------  ----------  --------------  -------------------  ----------------------
/opt/airflow/dags/my_dag.py    217  0.00s             1           0  0.13s           2024-10-25T17:33:47                      12
================================================================================
[2024-10-25T17:34:45.144+0000] {manager.py:821} INFO - Searching for files in /opt/airflow/dags
[2024-10-25T17:34:45.160+0000] {manager.py:824} INFO - There are 1 files in /opt/airflow/dags
[2024-10-25T17:34:48.205+0000] {manager.py:997} INFO - 
================================================================================
DAG File Processing Stats

File Path                      PID  Runtime      # DAGs    # Errors  Last Runtime    Last Run               Last # of DB Queries
---------------------------  -----  ---------  --------  ----------  --------------  -------------------  ----------------------
/opt/airflow/dags/my_dag.py    222  0.00s             1           0  0.12s           2024-10-25T17:34:18                      12
================================================================================
[2024-10-25T17:35:18.479+0000] {manager.py:997} INFO - 
================================================================================
DAG File Processing Stats

File Path                      PID  Runtime      # DAGs    # Errors  Last Runtime    Last Run               Last # of DB Queries
---------------------------  -----  ---------  --------  ----------  --------------  -------------------  ----------------------
/opt/airflow/dags/my_dag.py    227  0.00s             1           0  0.13s           2024-10-25T17:34:48                      12
================================================================================
[2024-10-25T17:35:48.724+0000] {manager.py:997} INFO - 
================================================================================
DAG File Processing Stats

File Path                      PID  Runtime      # DAGs    # Errors  Last Runtime    Last Run               Last # of DB Queries
---------------------------  -----  ---------  --------  ----------  --------------  -------------------  ----------------------
/opt/airflow/dags/my_dag.py    232  0.00s             1           0  0.14s           2024-10-25T17:35:18                      12
================================================================================
[2024-10-25T17:35:51.032+0000] {manager.py:465} INFO - Exiting gracefully upon receiving signal 15
[2024-10-25T17:42:16.400+0000] {manager.py:483} INFO - Processing files using up to 2 processes at a time 
[2024-10-25T17:42:16.400+0000] {manager.py:484} INFO - Process each file at most once every 30 seconds
[2024-10-25T17:42:16.401+0000] {manager.py:485} INFO - Checking for new files in /opt/airflow/dags every 300 seconds
[2024-10-25T17:42:16.401+0000] {manager.py:821} INFO - Searching for files in /opt/airflow/dags
[2024-10-25T17:42:16.414+0000] {manager.py:824} INFO - There are 1 files in /opt/airflow/dags
[2024-10-25T17:42:16.480+0000] {manager.py:997} INFO - 
================================================================================
DAG File Processing Stats

File Path                      PID  Runtime      # DAGs    # Errors  Last Runtime    Last Run      Last # of DB Queries
---------------------------  -----  ---------  --------  ----------  --------------  ----------  ----------------------
/opt/airflow/dags/my_dag.py    172  0.02s             0           0                                                   0
================================================================================
[2024-10-25T17:42:46.661+0000] {manager.py:997} INFO - 
================================================================================
DAG File Processing Stats

File Path                    PID    Runtime      # DAGs    # Errors  Last Runtime    Last Run               Last # of DB Queries
---------------------------  -----  ---------  --------  ----------  --------------  -------------------  ----------------------
/opt/airflow/dags/my_dag.py                           1           0  0.39s           2024-10-25T17:42:16                      41
================================================================================
[2024-10-25T17:43:17.266+0000] {manager.py:997} INFO - 
================================================================================
DAG File Processing Stats

File Path                      PID  Runtime      # DAGs    # Errors  Last Runtime    Last Run               Last # of DB Queries
---------------------------  -----  ---------  --------  ----------  --------------  -------------------  ----------------------
/opt/airflow/dags/my_dag.py    182  0.01s             1           0  0.15s           2024-10-25T17:42:47                      12
================================================================================
[2024-10-25T17:43:47.598+0000] {manager.py:997} INFO - 
================================================================================
DAG File Processing Stats

File Path                      PID  Runtime      # DAGs    # Errors  Last Runtime    Last Run               Last # of DB Queries
---------------------------  -----  ---------  --------  ----------  --------------  -------------------  ----------------------
/opt/airflow/dags/my_dag.py    187  0.01s             1           0  0.13s           2024-10-25T17:43:17                      12
================================================================================
[2024-10-25T17:44:17.843+0000] {manager.py:997} INFO - 
================================================================================
DAG File Processing Stats

File Path                      PID  Runtime      # DAGs    # Errors  Last Runtime    Last Run               Last # of DB Queries
---------------------------  -----  ---------  --------  ----------  --------------  -------------------  ----------------------
/opt/airflow/dags/my_dag.py    192  0.00s             1           0  0.13s           2024-10-25T17:43:47                      12
================================================================================
[2024-10-25T17:44:48.148+0000] {manager.py:997} INFO - 
================================================================================
DAG File Processing Stats

File Path                      PID  Runtime      # DAGs    # Errors  Last Runtime    Last Run               Last # of DB Queries
---------------------------  -----  ---------  --------  ----------  --------------  -------------------  ----------------------
/opt/airflow/dags/my_dag.py    197  0.00s             1           0  0.12s           2024-10-25T17:44:17                      12
================================================================================
[2024-10-25T17:45:18.371+0000] {manager.py:997} INFO - 
================================================================================
DAG File Processing Stats

File Path                      PID  Runtime      # DAGs    # Errors  Last Runtime    Last Run               Last # of DB Queries
---------------------------  -----  ---------  --------  ----------  --------------  -------------------  ----------------------
/opt/airflow/dags/my_dag.py    202  0.00s             1           0  0.13s           2024-10-25T17:44:48                      12
================================================================================
[2024-10-25T17:45:48.681+0000] {manager.py:997} INFO - 
================================================================================
DAG File Processing Stats

File Path                      PID  Runtime      # DAGs    # Errors  Last Runtime    Last Run               Last # of DB Queries
---------------------------  -----  ---------  --------  ----------  --------------  -------------------  ----------------------
/opt/airflow/dags/my_dag.py    207  0.00s             1           0  0.14s           2024-10-25T17:45:18                      12
================================================================================
[2024-10-25T17:46:18.907+0000] {manager.py:997} INFO - 
================================================================================
DAG File Processing Stats

File Path                      PID  Runtime      # DAGs    # Errors  Last Runtime    Last Run               Last # of DB Queries
---------------------------  -----  ---------  --------  ----------  --------------  -------------------  ----------------------
/opt/airflow/dags/my_dag.py    212  0.01s             1           0  0.11s           2024-10-25T17:45:48                      12
================================================================================
[2024-10-25T17:46:49.205+0000] {manager.py:997} INFO - 
================================================================================
DAG File Processing Stats

File Path                      PID  Runtime      # DAGs    # Errors  Last Runtime    Last Run               Last # of DB Queries
---------------------------  -----  ---------  --------  ----------  --------------  -------------------  ----------------------
/opt/airflow/dags/my_dag.py    217  0.00s             1           0  0.13s           2024-10-25T17:46:19                      12
================================================================================
[2024-10-25T17:47:16.490+0000] {manager.py:821} INFO - Searching for files in /opt/airflow/dags
[2024-10-25T17:47:16.508+0000] {manager.py:824} INFO - There are 1 files in /opt/airflow/dags
[2024-10-25T17:47:19.431+0000] {manager.py:997} INFO - 
================================================================================
DAG File Processing Stats

File Path                      PID  Runtime      # DAGs    # Errors  Last Runtime    Last Run               Last # of DB Queries
---------------------------  -----  ---------  --------  ----------  --------------  -------------------  ----------------------
/opt/airflow/dags/my_dag.py    222  0.01s             1           0  0.14s           2024-10-25T17:46:49                      12
================================================================================
[2024-10-25T17:47:49.749+0000] {manager.py:997} INFO - 
================================================================================
DAG File Processing Stats

File Path                      PID  Runtime      # DAGs    # Errors  Last Runtime    Last Run               Last # of DB Queries
---------------------------  -----  ---------  --------  ----------  --------------  -------------------  ----------------------
/opt/airflow/dags/my_dag.py    227  0.00s             1           0  0.14s           2024-10-25T17:47:19                      12
================================================================================
[2024-10-25T17:48:19.979+0000] {manager.py:997} INFO - 
================================================================================
DAG File Processing Stats

File Path                      PID  Runtime      # DAGs    # Errors  Last Runtime    Last Run               Last # of DB Queries
---------------------------  -----  ---------  --------  ----------  --------------  -------------------  ----------------------
/opt/airflow/dags/my_dag.py    232  0.01s             1           0  0.13s           2024-10-25T17:47:49                      12
================================================================================
[2024-10-25T17:48:50.270+0000] {manager.py:997} INFO - 
================================================================================
DAG File Processing Stats

File Path                      PID  Runtime      # DAGs    # Errors  Last Runtime    Last Run               Last # of DB Queries
---------------------------  -----  ---------  --------  ----------  --------------  -------------------  ----------------------
/opt/airflow/dags/my_dag.py    237  0.00s             1           0  0.13s           2024-10-25T17:48:20                      12
================================================================================
[2024-10-25T17:49:17.456+0000] {manager.py:465} INFO - Exiting gracefully upon receiving signal 15
[2024-10-25T17:49:59.311+0000] {manager.py:483} INFO - Processing files using up to 2 processes at a time 
[2024-10-25T17:49:59.311+0000] {manager.py:484} INFO - Process each file at most once every 30 seconds
[2024-10-25T17:49:59.312+0000] {manager.py:485} INFO - Checking for new files in /opt/airflow/dags every 300 seconds
[2024-10-25T17:49:59.312+0000] {manager.py:821} INFO - Searching for files in /opt/airflow/dags
[2024-10-25T17:49:59.326+0000] {manager.py:824} INFO - There are 1 files in /opt/airflow/dags
[2024-10-25T17:49:59.388+0000] {manager.py:997} INFO - 
================================================================================
DAG File Processing Stats

File Path                      PID  Runtime      # DAGs    # Errors  Last Runtime    Last Run      Last # of DB Queries
---------------------------  -----  ---------  --------  ----------  --------------  ----------  ----------------------
/opt/airflow/dags/my_dag.py    172  0.02s             0           0                                                   0
================================================================================
[2024-10-25T17:50:29.586+0000] {manager.py:997} INFO - 
================================================================================
DAG File Processing Stats

File Path                      PID  Runtime      # DAGs    # Errors  Last Runtime    Last Run               Last # of DB Queries
---------------------------  -----  ---------  --------  ----------  --------------  -------------------  ----------------------
/opt/airflow/dags/my_dag.py    177  0.01s             1           0  0.16s           2024-10-25T17:49:59                      12
================================================================================
[2024-10-25T17:50:59.906+0000] {manager.py:997} INFO - 
================================================================================
DAG File Processing Stats

File Path                      PID  Runtime      # DAGs    # Errors  Last Runtime    Last Run               Last # of DB Queries
---------------------------  -----  ---------  --------  ----------  --------------  -------------------  ----------------------
/opt/airflow/dags/my_dag.py    182  0.00s             1           0  0.14s           2024-10-25T17:50:29                      12
================================================================================
[2024-10-25T17:51:30.111+0000] {manager.py:997} INFO - 
================================================================================
DAG File Processing Stats

File Path                      PID  Runtime      # DAGs    # Errors  Last Runtime    Last Run               Last # of DB Queries
---------------------------  -----  ---------  --------  ----------  --------------  -------------------  ----------------------
/opt/airflow/dags/my_dag.py    187  0.01s             1           0  0.14s           2024-10-25T17:51:00                      12
================================================================================
[2024-10-25T17:52:00.429+0000] {manager.py:997} INFO - 
================================================================================
DAG File Processing Stats

File Path                      PID  Runtime      # DAGs    # Errors  Last Runtime    Last Run               Last # of DB Queries
---------------------------  -----  ---------  --------  ----------  --------------  -------------------  ----------------------
/opt/airflow/dags/my_dag.py    192  0.00s             1           0  0.13s           2024-10-25T17:51:30                      12
================================================================================
[2024-10-25T17:52:06.325+0000] {manager.py:465} INFO - Exiting gracefully upon receiving signal 15
[2024-10-25T17:52:29.909+0000] {manager.py:483} INFO - Processing files using up to 2 processes at a time 
[2024-10-25T17:52:29.910+0000] {manager.py:484} INFO - Process each file at most once every 30 seconds
[2024-10-25T17:52:29.910+0000] {manager.py:485} INFO - Checking for new files in /opt/airflow/dags every 300 seconds
[2024-10-25T17:52:29.911+0000] {manager.py:821} INFO - Searching for files in /opt/airflow/dags
[2024-10-25T17:52:29.925+0000] {manager.py:824} INFO - There are 1 files in /opt/airflow/dags
[2024-10-25T17:52:29.989+0000] {manager.py:997} INFO - 
================================================================================
DAG File Processing Stats

File Path                      PID  Runtime      # DAGs    # Errors  Last Runtime    Last Run      Last # of DB Queries
---------------------------  -----  ---------  --------  ----------  --------------  ----------  ----------------------
/opt/airflow/dags/my_dag.py    172  0.02s             0           0                                                   0
================================================================================
[2024-10-25T17:52:52.061+0000] {manager.py:465} INFO - Exiting gracefully upon receiving signal 15
[2024-10-25T17:54:28.484+0000] {manager.py:483} INFO - Processing files using up to 2 processes at a time 
[2024-10-25T17:54:28.484+0000] {manager.py:484} INFO - Process each file at most once every 30 seconds
[2024-10-25T17:54:28.485+0000] {manager.py:485} INFO - Checking for new files in /opt/airflow/dags every 300 seconds
[2024-10-25T17:54:28.485+0000] {manager.py:821} INFO - Searching for files in /opt/airflow/dags
[2024-10-25T17:54:28.500+0000] {manager.py:824} INFO - There are 1 files in /opt/airflow/dags
[2024-10-25T17:54:28.562+0000] {manager.py:997} INFO - 
================================================================================
DAG File Processing Stats

File Path                      PID  Runtime      # DAGs    # Errors  Last Runtime    Last Run      Last # of DB Queries
---------------------------  -----  ---------  --------  ----------  --------------  ----------  ----------------------
/opt/airflow/dags/my_dag.py    172  0.02s             0           0                                                   0
================================================================================
[2024-10-25T17:54:58.753+0000] {manager.py:997} INFO - 
================================================================================
DAG File Processing Stats

File Path                    PID    Runtime      # DAGs    # Errors  Last Runtime    Last Run               Last # of DB Queries
---------------------------  -----  ---------  --------  ----------  --------------  -------------------  ----------------------
/opt/airflow/dags/my_dag.py                           1           0  0.46s           2024-10-25T17:54:29                      42
================================================================================
[2024-10-25T17:55:29.445+0000] {manager.py:997} INFO - 
================================================================================
DAG File Processing Stats

File Path                      PID  Runtime      # DAGs    # Errors  Last Runtime    Last Run               Last # of DB Queries
---------------------------  -----  ---------  --------  ----------  --------------  -------------------  ----------------------
/opt/airflow/dags/my_dag.py    182  0.01s             1           0  0.15s           2024-10-25T17:54:59                      12
================================================================================
[2024-10-25T17:55:59.750+0000] {manager.py:997} INFO - 
================================================================================
DAG File Processing Stats

File Path                      PID  Runtime      # DAGs    # Errors  Last Runtime    Last Run               Last # of DB Queries
---------------------------  -----  ---------  --------  ----------  --------------  -------------------  ----------------------
/opt/airflow/dags/my_dag.py    187  0.00s             1           0  0.16s           2024-10-25T17:55:29                      12
================================================================================
[2024-10-25T17:56:29.981+0000] {manager.py:997} INFO - 
================================================================================
DAG File Processing Stats

File Path                      PID  Runtime      # DAGs    # Errors  Last Runtime    Last Run               Last # of DB Queries
---------------------------  -----  ---------  --------  ----------  --------------  -------------------  ----------------------
/opt/airflow/dags/my_dag.py    192  0.00s             1           0  0.13s           2024-10-25T17:55:59                      12
================================================================================
[2024-10-25T17:57:00.281+0000] {manager.py:997} INFO - 
================================================================================
DAG File Processing Stats

File Path                      PID  Runtime      # DAGs    # Errors  Last Runtime    Last Run               Last # of DB Queries
---------------------------  -----  ---------  --------  ----------  --------------  -------------------  ----------------------
/opt/airflow/dags/my_dag.py    197  0.01s             1           0  0.13s           2024-10-25T17:56:30                      12
================================================================================
[2024-10-25T17:57:21.638+0000] {manager.py:465} INFO - Exiting gracefully upon receiving signal 15
[2024-10-25T18:04:31.056+0000] {manager.py:483} INFO - Processing files using up to 2 processes at a time 
[2024-10-25T18:04:31.056+0000] {manager.py:484} INFO - Process each file at most once every 30 seconds
[2024-10-25T18:04:31.057+0000] {manager.py:485} INFO - Checking for new files in /opt/airflow/dags every 300 seconds
[2024-10-25T18:04:31.058+0000] {manager.py:821} INFO - Searching for files in /opt/airflow/dags
[2024-10-25T18:04:31.075+0000] {manager.py:824} INFO - There are 1 files in /opt/airflow/dags
[2024-10-25T18:04:31.145+0000] {manager.py:997} INFO - 
================================================================================
DAG File Processing Stats

File Path                      PID  Runtime      # DAGs    # Errors  Last Runtime    Last Run      Last # of DB Queries
---------------------------  -----  ---------  --------  ----------  --------------  ----------  ----------------------
/opt/airflow/dags/my_dag.py    172  0.02s             0           0                                                   0
================================================================================
[2024-10-25T18:05:01.324+0000] {manager.py:997} INFO - 
================================================================================
DAG File Processing Stats

File Path                    PID    Runtime      # DAGs    # Errors  Last Runtime    Last Run               Last # of DB Queries
---------------------------  -----  ---------  --------  ----------  --------------  -------------------  ----------------------
/opt/airflow/dags/my_dag.py                           1           0  0.39s           2024-10-25T18:04:31                      41
================================================================================
[2024-10-25T18:05:31.909+0000] {manager.py:997} INFO - 
================================================================================
DAG File Processing Stats

File Path                      PID  Runtime      # DAGs    # Errors  Last Runtime    Last Run               Last # of DB Queries
---------------------------  -----  ---------  --------  ----------  --------------  -------------------  ----------------------
/opt/airflow/dags/my_dag.py    182  0.01s             1           0  0.14s           2024-10-25T18:05:01                      12
================================================================================
[2024-10-25T18:06:02.240+0000] {manager.py:997} INFO - 
================================================================================
DAG File Processing Stats

File Path                      PID  Runtime      # DAGs    # Errors  Last Runtime    Last Run               Last # of DB Queries
---------------------------  -----  ---------  --------  ----------  --------------  -------------------  ----------------------
/opt/airflow/dags/my_dag.py    187  0.00s             1           0  0.14s           2024-10-25T18:05:32                      12
================================================================================
[2024-10-25T18:06:32.458+0000] {manager.py:997} INFO - 
================================================================================
DAG File Processing Stats

File Path                      PID  Runtime      # DAGs    # Errors  Last Runtime    Last Run               Last # of DB Queries
---------------------------  -----  ---------  --------  ----------  --------------  -------------------  ----------------------
/opt/airflow/dags/my_dag.py    192  0.00s             1           0  0.12s           2024-10-25T18:06:02                      12
================================================================================
[2024-10-25T18:07:02.763+0000] {manager.py:997} INFO - 
================================================================================
DAG File Processing Stats

File Path                      PID  Runtime      # DAGs    # Errors  Last Runtime    Last Run               Last # of DB Queries
---------------------------  -----  ---------  --------  ----------  --------------  -------------------  ----------------------
/opt/airflow/dags/my_dag.py    197  0.00s             1           0  0.14s           2024-10-25T18:06:32                      12
================================================================================
[2024-10-25T18:07:32.991+0000] {manager.py:997} INFO - 
================================================================================
DAG File Processing Stats

File Path                      PID  Runtime      # DAGs    # Errors  Last Runtime    Last Run               Last # of DB Queries
---------------------------  -----  ---------  --------  ----------  --------------  -------------------  ----------------------
/opt/airflow/dags/my_dag.py    202  0.00s             1           0  0.13s           2024-10-25T18:07:02                      12
================================================================================
[2024-10-25T18:08:03.306+0000] {manager.py:997} INFO - 
================================================================================
DAG File Processing Stats

File Path                      PID  Runtime      # DAGs    # Errors  Last Runtime    Last Run               Last # of DB Queries
---------------------------  -----  ---------  --------  ----------  --------------  -------------------  ----------------------
/opt/airflow/dags/my_dag.py    207  0.00s             1           0  0.12s           2024-10-25T18:07:33                      12
================================================================================
[2024-10-25T18:08:33.524+0000] {manager.py:997} INFO - 
================================================================================
DAG File Processing Stats

File Path                      PID  Runtime      # DAGs    # Errors  Last Runtime    Last Run               Last # of DB Queries
---------------------------  -----  ---------  --------  ----------  --------------  -------------------  ----------------------
/opt/airflow/dags/my_dag.py    212  0.01s             1           0  0.12s           2024-10-25T18:08:03                      12
================================================================================
[2024-10-25T18:09:03.822+0000] {manager.py:997} INFO - 
================================================================================
DAG File Processing Stats

File Path                      PID  Runtime      # DAGs    # Errors  Last Runtime    Last Run               Last # of DB Queries
---------------------------  -----  ---------  --------  ----------  --------------  -------------------  ----------------------
/opt/airflow/dags/my_dag.py    217  0.01s             1           0  0.15s           2024-10-25T18:08:33                      12
================================================================================
[2024-10-25T18:09:31.099+0000] {manager.py:821} INFO - Searching for files in /opt/airflow/dags
[2024-10-25T18:09:31.115+0000] {manager.py:824} INFO - There are 1 files in /opt/airflow/dags
[2024-10-25T18:09:34.071+0000] {manager.py:997} INFO - 
================================================================================
DAG File Processing Stats

File Path                      PID  Runtime      # DAGs    # Errors  Last Runtime    Last Run               Last # of DB Queries
---------------------------  -----  ---------  --------  ----------  --------------  -------------------  ----------------------
/opt/airflow/dags/my_dag.py    222  0.01s             1           0  0.12s           2024-10-25T18:09:03                      12
================================================================================
[2024-10-25T18:10:04.371+0000] {manager.py:997} INFO - 
================================================================================
DAG File Processing Stats

File Path                      PID  Runtime      # DAGs    # Errors  Last Runtime    Last Run               Last # of DB Queries
---------------------------  -----  ---------  --------  ----------  --------------  -------------------  ----------------------
/opt/airflow/dags/my_dag.py    227  0.00s             1           0  0.13s           2024-10-25T18:09:34                      12
================================================================================
[2024-10-25T18:10:34.596+0000] {manager.py:997} INFO - 
================================================================================
DAG File Processing Stats

File Path                      PID  Runtime      # DAGs    # Errors  Last Runtime    Last Run               Last # of DB Queries
---------------------------  -----  ---------  --------  ----------  --------------  -------------------  ----------------------
/opt/airflow/dags/my_dag.py    232  0.00s             1           0  0.13s           2024-10-25T18:10:04                      12
================================================================================
[2024-10-25T18:11:04.915+0000] {manager.py:997} INFO - 
================================================================================
DAG File Processing Stats

File Path                      PID  Runtime      # DAGs    # Errors  Last Runtime    Last Run               Last # of DB Queries
---------------------------  -----  ---------  --------  ----------  --------------  -------------------  ----------------------
/opt/airflow/dags/my_dag.py    237  0.01s             1           0  0.12s           2024-10-25T18:10:34                      12
================================================================================
[2024-10-25T18:11:35.151+0000] {manager.py:997} INFO - 
================================================================================
DAG File Processing Stats

File Path                      PID  Runtime      # DAGs    # Errors  Last Runtime    Last Run               Last # of DB Queries
---------------------------  -----  ---------  --------  ----------  --------------  -------------------  ----------------------
/opt/airflow/dags/my_dag.py    242  0.00s             1           0  0.13s           2024-10-25T18:11:05                      12
================================================================================
[2024-10-25T18:12:05.449+0000] {manager.py:997} INFO - 
================================================================================
DAG File Processing Stats

File Path                      PID  Runtime      # DAGs    # Errors  Last Runtime    Last Run               Last # of DB Queries
---------------------------  -----  ---------  --------  ----------  --------------  -------------------  ----------------------
/opt/airflow/dags/my_dag.py    247  0.00s             1           0  0.13s           2024-10-25T18:11:35                      12
================================================================================
[2024-10-25T18:12:35.677+0000] {manager.py:997} INFO - 
================================================================================
DAG File Processing Stats

File Path                      PID  Runtime      # DAGs    # Errors  Last Runtime    Last Run               Last # of DB Queries
---------------------------  -----  ---------  --------  ----------  --------------  -------------------  ----------------------
/opt/airflow/dags/my_dag.py    252  0.00s             1           0  0.12s           2024-10-25T18:12:05                      12
================================================================================
[2024-10-25T18:13:05.976+0000] {manager.py:997} INFO - 
================================================================================
DAG File Processing Stats

File Path                      PID  Runtime      # DAGs    # Errors  Last Runtime    Last Run               Last # of DB Queries
---------------------------  -----  ---------  --------  ----------  --------------  -------------------  ----------------------
/opt/airflow/dags/my_dag.py    257  0.01s             1           0  0.13s           2024-10-25T18:12:35                      12
================================================================================
[2024-10-25T18:13:36.213+0000] {manager.py:997} INFO - 
================================================================================
DAG File Processing Stats

File Path                      PID  Runtime      # DAGs    # Errors  Last Runtime    Last Run               Last # of DB Queries
---------------------------  -----  ---------  --------  ----------  --------------  -------------------  ----------------------
/opt/airflow/dags/my_dag.py    262  0.00s             1           0  0.13s           2024-10-25T18:13:06                      12
================================================================================
[2024-10-25T18:13:47.824+0000] {manager.py:465} INFO - Exiting gracefully upon receiving signal 15
