[2024-10-25T17:29:45.133+0000] {processor.py:186} INFO - Started process (PID=172) to work on /opt/airflow/dags/my_dag.py
[2024-10-25T17:29:45.135+0000] {processor.py:914} INFO - Processing file /opt/airflow/dags/my_dag.py for tasks to queue
[2024-10-25T17:29:45.138+0000] {logging_mixin.py:190} INFO - [2024-10-25T17:29:45.138+0000] {dagbag.py:588} INFO - Filling up the DagBag from /opt/airflow/dags/my_dag.py
[2024-10-25T17:29:45.174+0000] {processor.py:925} INFO - DAG(s) 'my_simple_dag' retrieved from /opt/airflow/dags/my_dag.py
[2024-10-25T17:29:45.434+0000] {logging_mixin.py:190} INFO - [2024-10-25T17:29:45.434+0000] {override.py:1900} INFO - Created Permission View: can delete on DAG:my_simple_dag
[2024-10-25T17:29:45.445+0000] {logging_mixin.py:190} INFO - [2024-10-25T17:29:45.444+0000] {override.py:1900} INFO - Created Permission View: can edit on DAG:my_simple_dag
[2024-10-25T17:29:45.456+0000] {logging_mixin.py:190} INFO - [2024-10-25T17:29:45.456+0000] {override.py:1900} INFO - Created Permission View: can read on DAG:my_simple_dag
[2024-10-25T17:29:45.470+0000] {logging_mixin.py:190} INFO - [2024-10-25T17:29:45.470+0000] {override.py:1900} INFO - Created Permission View: menu access on DAG Run:my_simple_dag
[2024-10-25T17:29:45.481+0000] {logging_mixin.py:190} INFO - [2024-10-25T17:29:45.481+0000] {override.py:1900} INFO - Created Permission View: can delete on DAG Run:my_simple_dag
[2024-10-25T17:29:45.491+0000] {logging_mixin.py:190} INFO - [2024-10-25T17:29:45.491+0000] {override.py:1900} INFO - Created Permission View: can create on DAG Run:my_simple_dag
[2024-10-25T17:29:45.500+0000] {logging_mixin.py:190} INFO - [2024-10-25T17:29:45.500+0000] {override.py:1900} INFO - Created Permission View: can read on DAG Run:my_simple_dag
[2024-10-25T17:29:45.501+0000] {logging_mixin.py:190} INFO - [2024-10-25T17:29:45.501+0000] {dag.py:3239} INFO - Sync 1 DAGs
[2024-10-25T17:29:45.524+0000] {logging_mixin.py:190} INFO - [2024-10-25T17:29:45.523+0000] {dag.py:3262} INFO - Creating ORM DAG for my_simple_dag
[2024-10-25T17:29:45.541+0000] {logging_mixin.py:190} INFO - [2024-10-25T17:29:45.540+0000] {dag.py:4180} INFO - Setting next_dagrun for my_simple_dag to 2024-10-25 00:00:00+00:00, run_after=2024-10-26 00:00:00+00:00
[2024-10-25T17:29:45.574+0000] {processor.py:208} INFO - Processing /opt/airflow/dags/my_dag.py took 0.451 seconds
[2024-10-25T17:30:15.811+0000] {processor.py:186} INFO - Started process (PID=177) to work on /opt/airflow/dags/my_dag.py
[2024-10-25T17:30:15.812+0000] {processor.py:914} INFO - Processing file /opt/airflow/dags/my_dag.py for tasks to queue
[2024-10-25T17:30:15.815+0000] {logging_mixin.py:190} INFO - [2024-10-25T17:30:15.815+0000] {dagbag.py:588} INFO - Filling up the DagBag from /opt/airflow/dags/my_dag.py
[2024-10-25T17:30:15.836+0000] {processor.py:925} INFO - DAG(s) 'my_simple_dag' retrieved from /opt/airflow/dags/my_dag.py
[2024-10-25T17:30:15.867+0000] {logging_mixin.py:190} INFO - [2024-10-25T17:30:15.867+0000] {dag.py:3239} INFO - Sync 1 DAGs
[2024-10-25T17:30:15.894+0000] {logging_mixin.py:190} INFO - [2024-10-25T17:30:15.894+0000] {dag.py:4180} INFO - Setting next_dagrun for my_simple_dag to 2024-10-25 00:00:00+00:00, run_after=2024-10-26 00:00:00+00:00
[2024-10-25T17:30:15.917+0000] {processor.py:208} INFO - Processing /opt/airflow/dags/my_dag.py took 0.112 seconds
[2024-10-25T17:30:46.025+0000] {processor.py:186} INFO - Started process (PID=182) to work on /opt/airflow/dags/my_dag.py
[2024-10-25T17:30:46.026+0000] {processor.py:914} INFO - Processing file /opt/airflow/dags/my_dag.py for tasks to queue
[2024-10-25T17:30:46.028+0000] {logging_mixin.py:190} INFO - [2024-10-25T17:30:46.028+0000] {dagbag.py:588} INFO - Filling up the DagBag from /opt/airflow/dags/my_dag.py
[2024-10-25T17:30:46.049+0000] {processor.py:925} INFO - DAG(s) 'my_simple_dag' retrieved from /opt/airflow/dags/my_dag.py
[2024-10-25T17:30:46.081+0000] {logging_mixin.py:190} INFO - [2024-10-25T17:30:46.080+0000] {dag.py:3239} INFO - Sync 1 DAGs
[2024-10-25T17:30:46.107+0000] {logging_mixin.py:190} INFO - [2024-10-25T17:30:46.107+0000] {dag.py:4180} INFO - Setting next_dagrun for my_simple_dag to 2024-10-25 00:00:00+00:00, run_after=2024-10-26 00:00:00+00:00
[2024-10-25T17:30:46.129+0000] {processor.py:208} INFO - Processing /opt/airflow/dags/my_dag.py took 0.109 seconds
[2024-10-25T17:31:16.362+0000] {processor.py:186} INFO - Started process (PID=187) to work on /opt/airflow/dags/my_dag.py
[2024-10-25T17:31:16.363+0000] {processor.py:914} INFO - Processing file /opt/airflow/dags/my_dag.py for tasks to queue
[2024-10-25T17:31:16.367+0000] {logging_mixin.py:190} INFO - [2024-10-25T17:31:16.367+0000] {dagbag.py:588} INFO - Filling up the DagBag from /opt/airflow/dags/my_dag.py
[2024-10-25T17:31:16.387+0000] {processor.py:925} INFO - DAG(s) 'my_simple_dag' retrieved from /opt/airflow/dags/my_dag.py
[2024-10-25T17:31:16.414+0000] {logging_mixin.py:190} INFO - [2024-10-25T17:31:16.413+0000] {dag.py:3239} INFO - Sync 1 DAGs
[2024-10-25T17:31:16.438+0000] {logging_mixin.py:190} INFO - [2024-10-25T17:31:16.438+0000] {dag.py:4180} INFO - Setting next_dagrun for my_simple_dag to 2024-10-25 00:00:00+00:00, run_after=2024-10-26 00:00:00+00:00
[2024-10-25T17:31:16.460+0000] {processor.py:208} INFO - Processing /opt/airflow/dags/my_dag.py took 0.104 seconds
[2024-10-25T17:31:46.581+0000] {processor.py:186} INFO - Started process (PID=192) to work on /opt/airflow/dags/my_dag.py
[2024-10-25T17:31:46.582+0000] {processor.py:914} INFO - Processing file /opt/airflow/dags/my_dag.py for tasks to queue
[2024-10-25T17:31:46.585+0000] {logging_mixin.py:190} INFO - [2024-10-25T17:31:46.585+0000] {dagbag.py:588} INFO - Filling up the DagBag from /opt/airflow/dags/my_dag.py
[2024-10-25T17:31:46.604+0000] {processor.py:925} INFO - DAG(s) 'my_simple_dag' retrieved from /opt/airflow/dags/my_dag.py
[2024-10-25T17:31:46.632+0000] {logging_mixin.py:190} INFO - [2024-10-25T17:31:46.632+0000] {dag.py:3239} INFO - Sync 1 DAGs
[2024-10-25T17:31:46.656+0000] {logging_mixin.py:190} INFO - [2024-10-25T17:31:46.655+0000] {dag.py:4180} INFO - Setting next_dagrun for my_simple_dag to 2024-10-25 00:00:00+00:00, run_after=2024-10-26 00:00:00+00:00
[2024-10-25T17:31:46.676+0000] {processor.py:208} INFO - Processing /opt/airflow/dags/my_dag.py took 0.101 seconds
[2024-10-25T17:32:16.889+0000] {processor.py:186} INFO - Started process (PID=197) to work on /opt/airflow/dags/my_dag.py
[2024-10-25T17:32:16.890+0000] {processor.py:914} INFO - Processing file /opt/airflow/dags/my_dag.py for tasks to queue
[2024-10-25T17:32:16.892+0000] {logging_mixin.py:190} INFO - [2024-10-25T17:32:16.892+0000] {dagbag.py:588} INFO - Filling up the DagBag from /opt/airflow/dags/my_dag.py
[2024-10-25T17:32:16.914+0000] {processor.py:925} INFO - DAG(s) 'my_simple_dag' retrieved from /opt/airflow/dags/my_dag.py
[2024-10-25T17:32:16.941+0000] {logging_mixin.py:190} INFO - [2024-10-25T17:32:16.940+0000] {dag.py:3239} INFO - Sync 1 DAGs
[2024-10-25T17:32:16.965+0000] {logging_mixin.py:190} INFO - [2024-10-25T17:32:16.965+0000] {dag.py:4180} INFO - Setting next_dagrun for my_simple_dag to 2024-10-25 00:00:00+00:00, run_after=2024-10-26 00:00:00+00:00
[2024-10-25T17:32:16.990+0000] {processor.py:208} INFO - Processing /opt/airflow/dags/my_dag.py took 0.107 seconds
[2024-10-25T17:32:47.120+0000] {processor.py:186} INFO - Started process (PID=202) to work on /opt/airflow/dags/my_dag.py
[2024-10-25T17:32:47.121+0000] {processor.py:914} INFO - Processing file /opt/airflow/dags/my_dag.py for tasks to queue
[2024-10-25T17:32:47.123+0000] {logging_mixin.py:190} INFO - [2024-10-25T17:32:47.123+0000] {dagbag.py:588} INFO - Filling up the DagBag from /opt/airflow/dags/my_dag.py
[2024-10-25T17:32:47.141+0000] {processor.py:925} INFO - DAG(s) 'my_simple_dag' retrieved from /opt/airflow/dags/my_dag.py
[2024-10-25T17:32:47.166+0000] {logging_mixin.py:190} INFO - [2024-10-25T17:32:47.166+0000] {dag.py:3239} INFO - Sync 1 DAGs
[2024-10-25T17:32:47.190+0000] {logging_mixin.py:190} INFO - [2024-10-25T17:32:47.189+0000] {dag.py:4180} INFO - Setting next_dagrun for my_simple_dag to 2024-10-25 00:00:00+00:00, run_after=2024-10-26 00:00:00+00:00
[2024-10-25T17:32:47.210+0000] {processor.py:208} INFO - Processing /opt/airflow/dags/my_dag.py took 0.094 seconds
[2024-10-25T17:33:17.434+0000] {processor.py:186} INFO - Started process (PID=207) to work on /opt/airflow/dags/my_dag.py
[2024-10-25T17:33:17.435+0000] {processor.py:914} INFO - Processing file /opt/airflow/dags/my_dag.py for tasks to queue
[2024-10-25T17:33:17.437+0000] {logging_mixin.py:190} INFO - [2024-10-25T17:33:17.437+0000] {dagbag.py:588} INFO - Filling up the DagBag from /opt/airflow/dags/my_dag.py
[2024-10-25T17:33:17.455+0000] {processor.py:925} INFO - DAG(s) 'my_simple_dag' retrieved from /opt/airflow/dags/my_dag.py
[2024-10-25T17:33:17.482+0000] {logging_mixin.py:190} INFO - [2024-10-25T17:33:17.482+0000] {dag.py:3239} INFO - Sync 1 DAGs
[2024-10-25T17:33:17.507+0000] {logging_mixin.py:190} INFO - [2024-10-25T17:33:17.506+0000] {dag.py:4180} INFO - Setting next_dagrun for my_simple_dag to 2024-10-25 00:00:00+00:00, run_after=2024-10-26 00:00:00+00:00
[2024-10-25T17:33:17.531+0000] {processor.py:208} INFO - Processing /opt/airflow/dags/my_dag.py took 0.102 seconds
[2024-10-25T17:33:47.660+0000] {processor.py:186} INFO - Started process (PID=212) to work on /opt/airflow/dags/my_dag.py
[2024-10-25T17:33:47.661+0000] {processor.py:914} INFO - Processing file /opt/airflow/dags/my_dag.py for tasks to queue
[2024-10-25T17:33:47.663+0000] {logging_mixin.py:190} INFO - [2024-10-25T17:33:47.663+0000] {dagbag.py:588} INFO - Filling up the DagBag from /opt/airflow/dags/my_dag.py
[2024-10-25T17:33:47.682+0000] {processor.py:925} INFO - DAG(s) 'my_simple_dag' retrieved from /opt/airflow/dags/my_dag.py
[2024-10-25T17:33:47.712+0000] {logging_mixin.py:190} INFO - [2024-10-25T17:33:47.712+0000] {dag.py:3239} INFO - Sync 1 DAGs
[2024-10-25T17:33:47.736+0000] {logging_mixin.py:190} INFO - [2024-10-25T17:33:47.736+0000] {dag.py:4180} INFO - Setting next_dagrun for my_simple_dag to 2024-10-25 00:00:00+00:00, run_after=2024-10-26 00:00:00+00:00
[2024-10-25T17:33:47.756+0000] {processor.py:208} INFO - Processing /opt/airflow/dags/my_dag.py took 0.102 seconds
[2024-10-25T17:34:17.971+0000] {processor.py:186} INFO - Started process (PID=217) to work on /opt/airflow/dags/my_dag.py
[2024-10-25T17:34:17.972+0000] {processor.py:914} INFO - Processing file /opt/airflow/dags/my_dag.py for tasks to queue
[2024-10-25T17:34:17.974+0000] {logging_mixin.py:190} INFO - [2024-10-25T17:34:17.973+0000] {dagbag.py:588} INFO - Filling up the DagBag from /opt/airflow/dags/my_dag.py
[2024-10-25T17:34:17.991+0000] {processor.py:925} INFO - DAG(s) 'my_simple_dag' retrieved from /opt/airflow/dags/my_dag.py
[2024-10-25T17:34:18.016+0000] {logging_mixin.py:190} INFO - [2024-10-25T17:34:18.016+0000] {dag.py:3239} INFO - Sync 1 DAGs
[2024-10-25T17:34:18.040+0000] {logging_mixin.py:190} INFO - [2024-10-25T17:34:18.039+0000] {dag.py:4180} INFO - Setting next_dagrun for my_simple_dag to 2024-10-25 00:00:00+00:00, run_after=2024-10-26 00:00:00+00:00
[2024-10-25T17:34:18.063+0000] {processor.py:208} INFO - Processing /opt/airflow/dags/my_dag.py took 0.097 seconds
[2024-10-25T17:34:48.223+0000] {processor.py:186} INFO - Started process (PID=222) to work on /opt/airflow/dags/my_dag.py
[2024-10-25T17:34:48.223+0000] {processor.py:914} INFO - Processing file /opt/airflow/dags/my_dag.py for tasks to queue
[2024-10-25T17:34:48.226+0000] {logging_mixin.py:190} INFO - [2024-10-25T17:34:48.226+0000] {dagbag.py:588} INFO - Filling up the DagBag from /opt/airflow/dags/my_dag.py
[2024-10-25T17:34:48.243+0000] {processor.py:925} INFO - DAG(s) 'my_simple_dag' retrieved from /opt/airflow/dags/my_dag.py
[2024-10-25T17:34:48.272+0000] {logging_mixin.py:190} INFO - [2024-10-25T17:34:48.271+0000] {dag.py:3239} INFO - Sync 1 DAGs
[2024-10-25T17:34:48.295+0000] {logging_mixin.py:190} INFO - [2024-10-25T17:34:48.294+0000] {dag.py:4180} INFO - Setting next_dagrun for my_simple_dag to 2024-10-25 00:00:00+00:00, run_after=2024-10-26 00:00:00+00:00
[2024-10-25T17:34:48.318+0000] {processor.py:208} INFO - Processing /opt/airflow/dags/my_dag.py took 0.101 seconds
[2024-10-25T17:35:18.496+0000] {processor.py:186} INFO - Started process (PID=227) to work on /opt/airflow/dags/my_dag.py
[2024-10-25T17:35:18.497+0000] {processor.py:914} INFO - Processing file /opt/airflow/dags/my_dag.py for tasks to queue
[2024-10-25T17:35:18.500+0000] {logging_mixin.py:190} INFO - [2024-10-25T17:35:18.499+0000] {dagbag.py:588} INFO - Filling up the DagBag from /opt/airflow/dags/my_dag.py
[2024-10-25T17:35:18.519+0000] {processor.py:925} INFO - DAG(s) 'my_simple_dag' retrieved from /opt/airflow/dags/my_dag.py
[2024-10-25T17:35:18.548+0000] {logging_mixin.py:190} INFO - [2024-10-25T17:35:18.548+0000] {dag.py:3239} INFO - Sync 1 DAGs
[2024-10-25T17:35:18.574+0000] {logging_mixin.py:190} INFO - [2024-10-25T17:35:18.574+0000] {dag.py:4180} INFO - Setting next_dagrun for my_simple_dag to 2024-10-25 00:00:00+00:00, run_after=2024-10-26 00:00:00+00:00
[2024-10-25T17:35:18.601+0000] {processor.py:208} INFO - Processing /opt/airflow/dags/my_dag.py took 0.110 seconds
[2024-10-25T17:35:48.740+0000] {processor.py:186} INFO - Started process (PID=232) to work on /opt/airflow/dags/my_dag.py
[2024-10-25T17:35:48.741+0000] {processor.py:914} INFO - Processing file /opt/airflow/dags/my_dag.py for tasks to queue
[2024-10-25T17:35:48.743+0000] {logging_mixin.py:190} INFO - [2024-10-25T17:35:48.742+0000] {dagbag.py:588} INFO - Filling up the DagBag from /opt/airflow/dags/my_dag.py
[2024-10-25T17:35:48.759+0000] {processor.py:925} INFO - DAG(s) 'my_simple_dag' retrieved from /opt/airflow/dags/my_dag.py
[2024-10-25T17:35:48.783+0000] {logging_mixin.py:190} INFO - [2024-10-25T17:35:48.783+0000] {dag.py:3239} INFO - Sync 1 DAGs
[2024-10-25T17:35:48.805+0000] {logging_mixin.py:190} INFO - [2024-10-25T17:35:48.805+0000] {dag.py:4180} INFO - Setting next_dagrun for my_simple_dag to 2024-10-25 00:00:00+00:00, run_after=2024-10-26 00:00:00+00:00
[2024-10-25T17:35:48.826+0000] {processor.py:208} INFO - Processing /opt/airflow/dags/my_dag.py took 0.091 seconds
[2024-10-25T17:42:16.477+0000] {processor.py:186} INFO - Started process (PID=172) to work on /opt/airflow/dags/my_dag.py
[2024-10-25T17:42:16.479+0000] {processor.py:914} INFO - Processing file /opt/airflow/dags/my_dag.py for tasks to queue
[2024-10-25T17:42:16.480+0000] {logging_mixin.py:190} INFO - [2024-10-25T17:42:16.480+0000] {dagbag.py:588} INFO - Filling up the DagBag from /opt/airflow/dags/my_dag.py
[2024-10-25T17:42:16.508+0000] {processor.py:925} INFO - DAG(s) 'my_simple_dag' retrieved from /opt/airflow/dags/my_dag.py
[2024-10-25T17:42:16.720+0000] {logging_mixin.py:190} INFO - [2024-10-25T17:42:16.719+0000] {override.py:1900} INFO - Created Permission View: can read on DAG:my_simple_dag
[2024-10-25T17:42:16.731+0000] {logging_mixin.py:190} INFO - [2024-10-25T17:42:16.731+0000] {override.py:1900} INFO - Created Permission View: can delete on DAG:my_simple_dag
[2024-10-25T17:42:16.741+0000] {logging_mixin.py:190} INFO - [2024-10-25T17:42:16.741+0000] {override.py:1900} INFO - Created Permission View: can edit on DAG:my_simple_dag
[2024-10-25T17:42:16.753+0000] {logging_mixin.py:190} INFO - [2024-10-25T17:42:16.752+0000] {override.py:1900} INFO - Created Permission View: can read on DAG Run:my_simple_dag
[2024-10-25T17:42:16.764+0000] {logging_mixin.py:190} INFO - [2024-10-25T17:42:16.764+0000] {override.py:1900} INFO - Created Permission View: menu access on DAG Run:my_simple_dag
[2024-10-25T17:42:16.776+0000] {logging_mixin.py:190} INFO - [2024-10-25T17:42:16.776+0000] {override.py:1900} INFO - Created Permission View: can create on DAG Run:my_simple_dag
[2024-10-25T17:42:16.788+0000] {logging_mixin.py:190} INFO - [2024-10-25T17:42:16.788+0000] {override.py:1900} INFO - Created Permission View: can delete on DAG Run:my_simple_dag
[2024-10-25T17:42:16.789+0000] {logging_mixin.py:190} INFO - [2024-10-25T17:42:16.789+0000] {dag.py:3239} INFO - Sync 1 DAGs
[2024-10-25T17:42:16.803+0000] {logging_mixin.py:190} INFO - [2024-10-25T17:42:16.802+0000] {dag.py:3262} INFO - Creating ORM DAG for my_simple_dag
[2024-10-25T17:42:16.816+0000] {logging_mixin.py:190} INFO - [2024-10-25T17:42:16.815+0000] {dag.py:4180} INFO - Setting next_dagrun for my_simple_dag to 2024-10-25 00:00:00+00:00, run_after=2024-10-26 00:00:00+00:00
[2024-10-25T17:42:16.836+0000] {processor.py:208} INFO - Processing /opt/airflow/dags/my_dag.py took 0.365 seconds
[2024-10-25T17:42:47.071+0000] {processor.py:186} INFO - Started process (PID=177) to work on /opt/airflow/dags/my_dag.py
[2024-10-25T17:42:47.072+0000] {processor.py:914} INFO - Processing file /opt/airflow/dags/my_dag.py for tasks to queue
[2024-10-25T17:42:47.076+0000] {logging_mixin.py:190} INFO - [2024-10-25T17:42:47.076+0000] {dagbag.py:588} INFO - Filling up the DagBag from /opt/airflow/dags/my_dag.py
[2024-10-25T17:42:47.097+0000] {processor.py:925} INFO - DAG(s) 'my_simple_dag' retrieved from /opt/airflow/dags/my_dag.py
[2024-10-25T17:42:47.128+0000] {logging_mixin.py:190} INFO - [2024-10-25T17:42:47.127+0000] {dag.py:3239} INFO - Sync 1 DAGs
[2024-10-25T17:42:47.157+0000] {logging_mixin.py:190} INFO - [2024-10-25T17:42:47.156+0000] {dag.py:4180} INFO - Setting next_dagrun for my_simple_dag to 2024-10-25 00:00:00+00:00, run_after=2024-10-26 00:00:00+00:00
[2024-10-25T17:42:47.186+0000] {processor.py:208} INFO - Processing /opt/airflow/dags/my_dag.py took 0.120 seconds
[2024-10-25T17:43:17.283+0000] {processor.py:186} INFO - Started process (PID=182) to work on /opt/airflow/dags/my_dag.py
[2024-10-25T17:43:17.284+0000] {processor.py:914} INFO - Processing file /opt/airflow/dags/my_dag.py for tasks to queue
[2024-10-25T17:43:17.287+0000] {logging_mixin.py:190} INFO - [2024-10-25T17:43:17.287+0000] {dagbag.py:588} INFO - Filling up the DagBag from /opt/airflow/dags/my_dag.py
[2024-10-25T17:43:17.307+0000] {processor.py:925} INFO - DAG(s) 'my_simple_dag' retrieved from /opt/airflow/dags/my_dag.py
[2024-10-25T17:43:17.336+0000] {logging_mixin.py:190} INFO - [2024-10-25T17:43:17.336+0000] {dag.py:3239} INFO - Sync 1 DAGs
[2024-10-25T17:43:17.357+0000] {logging_mixin.py:190} INFO - [2024-10-25T17:43:17.357+0000] {dag.py:4180} INFO - Setting next_dagrun for my_simple_dag to 2024-10-25 00:00:00+00:00, run_after=2024-10-26 00:00:00+00:00
[2024-10-25T17:43:17.380+0000] {processor.py:208} INFO - Processing /opt/airflow/dags/my_dag.py took 0.102 seconds
[2024-10-25T17:43:47.618+0000] {processor.py:186} INFO - Started process (PID=187) to work on /opt/airflow/dags/my_dag.py
[2024-10-25T17:43:47.619+0000] {processor.py:914} INFO - Processing file /opt/airflow/dags/my_dag.py for tasks to queue
[2024-10-25T17:43:47.624+0000] {logging_mixin.py:190} INFO - [2024-10-25T17:43:47.623+0000] {dagbag.py:588} INFO - Filling up the DagBag from /opt/airflow/dags/my_dag.py
[2024-10-25T17:43:47.642+0000] {processor.py:925} INFO - DAG(s) 'my_simple_dag' retrieved from /opt/airflow/dags/my_dag.py
[2024-10-25T17:43:47.669+0000] {logging_mixin.py:190} INFO - [2024-10-25T17:43:47.669+0000] {dag.py:3239} INFO - Sync 1 DAGs
[2024-10-25T17:43:47.692+0000] {logging_mixin.py:190} INFO - [2024-10-25T17:43:47.692+0000] {dag.py:4180} INFO - Setting next_dagrun for my_simple_dag to 2024-10-25 00:00:00+00:00, run_after=2024-10-26 00:00:00+00:00
[2024-10-25T17:43:47.711+0000] {processor.py:208} INFO - Processing /opt/airflow/dags/my_dag.py took 0.100 seconds
[2024-10-25T17:44:17.858+0000] {processor.py:186} INFO - Started process (PID=192) to work on /opt/airflow/dags/my_dag.py
[2024-10-25T17:44:17.858+0000] {processor.py:914} INFO - Processing file /opt/airflow/dags/my_dag.py for tasks to queue
[2024-10-25T17:44:17.860+0000] {logging_mixin.py:190} INFO - [2024-10-25T17:44:17.860+0000] {dagbag.py:588} INFO - Filling up the DagBag from /opt/airflow/dags/my_dag.py
[2024-10-25T17:44:17.876+0000] {processor.py:925} INFO - DAG(s) 'my_simple_dag' retrieved from /opt/airflow/dags/my_dag.py
[2024-10-25T17:44:17.903+0000] {logging_mixin.py:190} INFO - [2024-10-25T17:44:17.902+0000] {dag.py:3239} INFO - Sync 1 DAGs
[2024-10-25T17:44:17.925+0000] {logging_mixin.py:190} INFO - [2024-10-25T17:44:17.924+0000] {dag.py:4180} INFO - Setting next_dagrun for my_simple_dag to 2024-10-25 00:00:00+00:00, run_after=2024-10-26 00:00:00+00:00
[2024-10-25T17:44:17.945+0000] {processor.py:208} INFO - Processing /opt/airflow/dags/my_dag.py took 0.093 seconds
[2024-10-25T17:44:48.165+0000] {processor.py:186} INFO - Started process (PID=197) to work on /opt/airflow/dags/my_dag.py
[2024-10-25T17:44:48.166+0000] {processor.py:914} INFO - Processing file /opt/airflow/dags/my_dag.py for tasks to queue
[2024-10-25T17:44:48.169+0000] {logging_mixin.py:190} INFO - [2024-10-25T17:44:48.168+0000] {dagbag.py:588} INFO - Filling up the DagBag from /opt/airflow/dags/my_dag.py
[2024-10-25T17:44:48.189+0000] {processor.py:925} INFO - DAG(s) 'my_simple_dag' retrieved from /opt/airflow/dags/my_dag.py
[2024-10-25T17:44:48.217+0000] {logging_mixin.py:190} INFO - [2024-10-25T17:44:48.217+0000] {dag.py:3239} INFO - Sync 1 DAGs
[2024-10-25T17:44:48.246+0000] {logging_mixin.py:190} INFO - [2024-10-25T17:44:48.246+0000] {dag.py:4180} INFO - Setting next_dagrun for my_simple_dag to 2024-10-25 00:00:00+00:00, run_after=2024-10-26 00:00:00+00:00
[2024-10-25T17:44:48.267+0000] {processor.py:208} INFO - Processing /opt/airflow/dags/my_dag.py took 0.107 seconds
[2024-10-25T17:45:18.388+0000] {processor.py:186} INFO - Started process (PID=202) to work on /opt/airflow/dags/my_dag.py
[2024-10-25T17:45:18.389+0000] {processor.py:914} INFO - Processing file /opt/airflow/dags/my_dag.py for tasks to queue
[2024-10-25T17:45:18.391+0000] {logging_mixin.py:190} INFO - [2024-10-25T17:45:18.391+0000] {dagbag.py:588} INFO - Filling up the DagBag from /opt/airflow/dags/my_dag.py
[2024-10-25T17:45:18.411+0000] {processor.py:925} INFO - DAG(s) 'my_simple_dag' retrieved from /opt/airflow/dags/my_dag.py
[2024-10-25T17:45:18.441+0000] {logging_mixin.py:190} INFO - [2024-10-25T17:45:18.441+0000] {dag.py:3239} INFO - Sync 1 DAGs
[2024-10-25T17:45:18.467+0000] {logging_mixin.py:190} INFO - [2024-10-25T17:45:18.466+0000] {dag.py:4180} INFO - Setting next_dagrun for my_simple_dag to 2024-10-25 00:00:00+00:00, run_after=2024-10-26 00:00:00+00:00
[2024-10-25T17:45:18.492+0000] {processor.py:208} INFO - Processing /opt/airflow/dags/my_dag.py took 0.109 seconds
[2024-10-25T17:45:48.696+0000] {processor.py:186} INFO - Started process (PID=207) to work on /opt/airflow/dags/my_dag.py
[2024-10-25T17:45:48.697+0000] {processor.py:914} INFO - Processing file /opt/airflow/dags/my_dag.py for tasks to queue
[2024-10-25T17:45:48.699+0000] {logging_mixin.py:190} INFO - [2024-10-25T17:45:48.699+0000] {dagbag.py:588} INFO - Filling up the DagBag from /opt/airflow/dags/my_dag.py
[2024-10-25T17:45:48.714+0000] {processor.py:925} INFO - DAG(s) 'my_simple_dag' retrieved from /opt/airflow/dags/my_dag.py
[2024-10-25T17:45:48.738+0000] {logging_mixin.py:190} INFO - [2024-10-25T17:45:48.738+0000] {dag.py:3239} INFO - Sync 1 DAGs
[2024-10-25T17:45:48.758+0000] {logging_mixin.py:190} INFO - [2024-10-25T17:45:48.758+0000] {dag.py:4180} INFO - Setting next_dagrun for my_simple_dag to 2024-10-25 00:00:00+00:00, run_after=2024-10-26 00:00:00+00:00
[2024-10-25T17:45:48.779+0000] {processor.py:208} INFO - Processing /opt/airflow/dags/my_dag.py took 0.087 seconds
[2024-10-25T17:46:18.922+0000] {processor.py:186} INFO - Started process (PID=212) to work on /opt/airflow/dags/my_dag.py
[2024-10-25T17:46:18.923+0000] {processor.py:914} INFO - Processing file /opt/airflow/dags/my_dag.py for tasks to queue
[2024-10-25T17:46:18.925+0000] {logging_mixin.py:190} INFO - [2024-10-25T17:46:18.925+0000] {dagbag.py:588} INFO - Filling up the DagBag from /opt/airflow/dags/my_dag.py
[2024-10-25T17:46:18.943+0000] {processor.py:925} INFO - DAG(s) 'my_simple_dag' retrieved from /opt/airflow/dags/my_dag.py
[2024-10-25T17:46:18.971+0000] {logging_mixin.py:190} INFO - [2024-10-25T17:46:18.970+0000] {dag.py:3239} INFO - Sync 1 DAGs
[2024-10-25T17:46:18.995+0000] {logging_mixin.py:190} INFO - [2024-10-25T17:46:18.995+0000] {dag.py:4180} INFO - Setting next_dagrun for my_simple_dag to 2024-10-25 00:00:00+00:00, run_after=2024-10-26 00:00:00+00:00
[2024-10-25T17:46:19.018+0000] {processor.py:208} INFO - Processing /opt/airflow/dags/my_dag.py took 0.101 seconds
[2024-10-25T17:46:49.223+0000] {processor.py:186} INFO - Started process (PID=217) to work on /opt/airflow/dags/my_dag.py
[2024-10-25T17:46:49.223+0000] {processor.py:914} INFO - Processing file /opt/airflow/dags/my_dag.py for tasks to queue
[2024-10-25T17:46:49.225+0000] {logging_mixin.py:190} INFO - [2024-10-25T17:46:49.225+0000] {dagbag.py:588} INFO - Filling up the DagBag from /opt/airflow/dags/my_dag.py
[2024-10-25T17:46:49.245+0000] {processor.py:925} INFO - DAG(s) 'my_simple_dag' retrieved from /opt/airflow/dags/my_dag.py
[2024-10-25T17:46:49.274+0000] {logging_mixin.py:190} INFO - [2024-10-25T17:46:49.274+0000] {dag.py:3239} INFO - Sync 1 DAGs
[2024-10-25T17:46:49.299+0000] {logging_mixin.py:190} INFO - [2024-10-25T17:46:49.298+0000] {dag.py:4180} INFO - Setting next_dagrun for my_simple_dag to 2024-10-25 00:00:00+00:00, run_after=2024-10-26 00:00:00+00:00
[2024-10-25T17:46:49.324+0000] {processor.py:208} INFO - Processing /opt/airflow/dags/my_dag.py took 0.106 seconds
[2024-10-25T17:47:19.445+0000] {processor.py:186} INFO - Started process (PID=222) to work on /opt/airflow/dags/my_dag.py
[2024-10-25T17:47:19.447+0000] {processor.py:914} INFO - Processing file /opt/airflow/dags/my_dag.py for tasks to queue
[2024-10-25T17:47:19.450+0000] {logging_mixin.py:190} INFO - [2024-10-25T17:47:19.450+0000] {dagbag.py:588} INFO - Filling up the DagBag from /opt/airflow/dags/my_dag.py
[2024-10-25T17:47:19.471+0000] {processor.py:925} INFO - DAG(s) 'my_simple_dag' retrieved from /opt/airflow/dags/my_dag.py
[2024-10-25T17:47:19.498+0000] {logging_mixin.py:190} INFO - [2024-10-25T17:47:19.497+0000] {dag.py:3239} INFO - Sync 1 DAGs
[2024-10-25T17:47:19.523+0000] {logging_mixin.py:190} INFO - [2024-10-25T17:47:19.523+0000] {dag.py:4180} INFO - Setting next_dagrun for my_simple_dag to 2024-10-25 00:00:00+00:00, run_after=2024-10-26 00:00:00+00:00
[2024-10-25T17:47:19.547+0000] {processor.py:208} INFO - Processing /opt/airflow/dags/my_dag.py took 0.107 seconds
[2024-10-25T17:47:49.765+0000] {processor.py:186} INFO - Started process (PID=227) to work on /opt/airflow/dags/my_dag.py
[2024-10-25T17:47:49.766+0000] {processor.py:914} INFO - Processing file /opt/airflow/dags/my_dag.py for tasks to queue
[2024-10-25T17:47:49.769+0000] {logging_mixin.py:190} INFO - [2024-10-25T17:47:49.768+0000] {dagbag.py:588} INFO - Filling up the DagBag from /opt/airflow/dags/my_dag.py
[2024-10-25T17:47:49.787+0000] {processor.py:925} INFO - DAG(s) 'my_simple_dag' retrieved from /opt/airflow/dags/my_dag.py
[2024-10-25T17:47:49.812+0000] {logging_mixin.py:190} INFO - [2024-10-25T17:47:49.812+0000] {dag.py:3239} INFO - Sync 1 DAGs
[2024-10-25T17:47:49.837+0000] {logging_mixin.py:190} INFO - [2024-10-25T17:47:49.837+0000] {dag.py:4180} INFO - Setting next_dagrun for my_simple_dag to 2024-10-25 00:00:00+00:00, run_after=2024-10-26 00:00:00+00:00
[2024-10-25T17:47:49.862+0000] {processor.py:208} INFO - Processing /opt/airflow/dags/my_dag.py took 0.102 seconds
[2024-10-25T17:48:19.993+0000] {processor.py:186} INFO - Started process (PID=232) to work on /opt/airflow/dags/my_dag.py
[2024-10-25T17:48:19.994+0000] {processor.py:914} INFO - Processing file /opt/airflow/dags/my_dag.py for tasks to queue
[2024-10-25T17:48:19.997+0000] {logging_mixin.py:190} INFO - [2024-10-25T17:48:19.996+0000] {dagbag.py:588} INFO - Filling up the DagBag from /opt/airflow/dags/my_dag.py
[2024-10-25T17:48:20.016+0000] {processor.py:925} INFO - DAG(s) 'my_simple_dag' retrieved from /opt/airflow/dags/my_dag.py
[2024-10-25T17:48:20.044+0000] {logging_mixin.py:190} INFO - [2024-10-25T17:48:20.044+0000] {dag.py:3239} INFO - Sync 1 DAGs
[2024-10-25T17:48:20.069+0000] {logging_mixin.py:190} INFO - [2024-10-25T17:48:20.068+0000] {dag.py:4180} INFO - Setting next_dagrun for my_simple_dag to 2024-10-25 00:00:00+00:00, run_after=2024-10-26 00:00:00+00:00
[2024-10-25T17:48:20.092+0000] {processor.py:208} INFO - Processing /opt/airflow/dags/my_dag.py took 0.104 seconds
[2024-10-25T17:48:50.286+0000] {processor.py:186} INFO - Started process (PID=237) to work on /opt/airflow/dags/my_dag.py
[2024-10-25T17:48:50.287+0000] {processor.py:914} INFO - Processing file /opt/airflow/dags/my_dag.py for tasks to queue
[2024-10-25T17:48:50.290+0000] {logging_mixin.py:190} INFO - [2024-10-25T17:48:50.289+0000] {dagbag.py:588} INFO - Filling up the DagBag from /opt/airflow/dags/my_dag.py
[2024-10-25T17:48:50.309+0000] {processor.py:925} INFO - DAG(s) 'my_simple_dag' retrieved from /opt/airflow/dags/my_dag.py
[2024-10-25T17:48:50.334+0000] {logging_mixin.py:190} INFO - [2024-10-25T17:48:50.334+0000] {dag.py:3239} INFO - Sync 1 DAGs
[2024-10-25T17:48:50.358+0000] {logging_mixin.py:190} INFO - [2024-10-25T17:48:50.357+0000] {dag.py:4180} INFO - Setting next_dagrun for my_simple_dag to 2024-10-25 00:00:00+00:00, run_after=2024-10-26 00:00:00+00:00
[2024-10-25T17:48:50.381+0000] {processor.py:208} INFO - Processing /opt/airflow/dags/my_dag.py took 0.100 seconds
[2024-10-25T17:49:59.387+0000] {processor.py:186} INFO - Started process (PID=172) to work on /opt/airflow/dags/my_dag.py
[2024-10-25T17:49:59.388+0000] {processor.py:914} INFO - Processing file /opt/airflow/dags/my_dag.py for tasks to queue
[2024-10-25T17:49:59.389+0000] {logging_mixin.py:190} INFO - [2024-10-25T17:49:59.389+0000] {dagbag.py:588} INFO - Filling up the DagBag from /opt/airflow/dags/my_dag.py
[2024-10-25T17:49:59.416+0000] {processor.py:925} INFO - DAG(s) 'my_simple_dag' retrieved from /opt/airflow/dags/my_dag.py
[2024-10-25T17:49:59.459+0000] {logging_mixin.py:190} INFO - [2024-10-25T17:49:59.459+0000] {dag.py:3239} INFO - Sync 1 DAGs
[2024-10-25T17:49:59.486+0000] {logging_mixin.py:190} INFO - [2024-10-25T17:49:59.486+0000] {dag.py:4180} INFO - Setting next_dagrun for my_simple_dag to 2024-10-25 00:00:00+00:00, run_after=2024-10-26 00:00:00+00:00
[2024-10-25T17:49:59.512+0000] {processor.py:208} INFO - Processing /opt/airflow/dags/my_dag.py took 0.130 seconds
[2024-10-25T17:50:29.603+0000] {processor.py:186} INFO - Started process (PID=177) to work on /opt/airflow/dags/my_dag.py
[2024-10-25T17:50:29.604+0000] {processor.py:914} INFO - Processing file /opt/airflow/dags/my_dag.py for tasks to queue
[2024-10-25T17:50:29.607+0000] {logging_mixin.py:190} INFO - [2024-10-25T17:50:29.606+0000] {dagbag.py:588} INFO - Filling up the DagBag from /opt/airflow/dags/my_dag.py
[2024-10-25T17:50:29.628+0000] {processor.py:925} INFO - DAG(s) 'my_simple_dag' retrieved from /opt/airflow/dags/my_dag.py
[2024-10-25T17:50:29.657+0000] {logging_mixin.py:190} INFO - [2024-10-25T17:50:29.657+0000] {dag.py:3239} INFO - Sync 1 DAGs
[2024-10-25T17:50:29.686+0000] {logging_mixin.py:190} INFO - [2024-10-25T17:50:29.686+0000] {dag.py:4180} INFO - Setting next_dagrun for my_simple_dag to 2024-10-25 00:00:00+00:00, run_after=2024-10-26 00:00:00+00:00
[2024-10-25T17:50:29.707+0000] {processor.py:208} INFO - Processing /opt/airflow/dags/my_dag.py took 0.110 seconds
[2024-10-25T17:50:59.923+0000] {processor.py:186} INFO - Started process (PID=182) to work on /opt/airflow/dags/my_dag.py
[2024-10-25T17:50:59.924+0000] {processor.py:914} INFO - Processing file /opt/airflow/dags/my_dag.py for tasks to queue
[2024-10-25T17:50:59.927+0000] {logging_mixin.py:190} INFO - [2024-10-25T17:50:59.927+0000] {dagbag.py:588} INFO - Filling up the DagBag from /opt/airflow/dags/my_dag.py
[2024-10-25T17:50:59.948+0000] {processor.py:925} INFO - DAG(s) 'my_simple_dag' retrieved from /opt/airflow/dags/my_dag.py
[2024-10-25T17:50:59.979+0000] {logging_mixin.py:190} INFO - [2024-10-25T17:50:59.979+0000] {dag.py:3239} INFO - Sync 1 DAGs
[2024-10-25T17:51:00.004+0000] {logging_mixin.py:190} INFO - [2024-10-25T17:51:00.004+0000] {dag.py:4180} INFO - Setting next_dagrun for my_simple_dag to 2024-10-25 00:00:00+00:00, run_after=2024-10-26 00:00:00+00:00
[2024-10-25T17:51:00.027+0000] {processor.py:208} INFO - Processing /opt/airflow/dags/my_dag.py took 0.109 seconds
[2024-10-25T17:51:30.129+0000] {processor.py:186} INFO - Started process (PID=187) to work on /opt/airflow/dags/my_dag.py
[2024-10-25T17:51:30.130+0000] {processor.py:914} INFO - Processing file /opt/airflow/dags/my_dag.py for tasks to queue
[2024-10-25T17:51:30.134+0000] {logging_mixin.py:190} INFO - [2024-10-25T17:51:30.134+0000] {dagbag.py:588} INFO - Filling up the DagBag from /opt/airflow/dags/my_dag.py
[2024-10-25T17:51:30.153+0000] {processor.py:925} INFO - DAG(s) 'my_simple_dag' retrieved from /opt/airflow/dags/my_dag.py
[2024-10-25T17:51:30.183+0000] {logging_mixin.py:190} INFO - [2024-10-25T17:51:30.183+0000] {dag.py:3239} INFO - Sync 1 DAGs
[2024-10-25T17:51:30.208+0000] {logging_mixin.py:190} INFO - [2024-10-25T17:51:30.208+0000] {dag.py:4180} INFO - Setting next_dagrun for my_simple_dag to 2024-10-25 00:00:00+00:00, run_after=2024-10-26 00:00:00+00:00
[2024-10-25T17:51:30.230+0000] {processor.py:208} INFO - Processing /opt/airflow/dags/my_dag.py took 0.107 seconds
[2024-10-25T17:52:00.446+0000] {processor.py:186} INFO - Started process (PID=192) to work on /opt/airflow/dags/my_dag.py
[2024-10-25T17:52:00.447+0000] {processor.py:914} INFO - Processing file /opt/airflow/dags/my_dag.py for tasks to queue
[2024-10-25T17:52:00.450+0000] {logging_mixin.py:190} INFO - [2024-10-25T17:52:00.449+0000] {dagbag.py:588} INFO - Filling up the DagBag from /opt/airflow/dags/my_dag.py
[2024-10-25T17:52:00.469+0000] {processor.py:925} INFO - DAG(s) 'my_simple_dag' retrieved from /opt/airflow/dags/my_dag.py
[2024-10-25T17:52:00.496+0000] {logging_mixin.py:190} INFO - [2024-10-25T17:52:00.496+0000] {dag.py:3239} INFO - Sync 1 DAGs
[2024-10-25T17:52:00.521+0000] {logging_mixin.py:190} INFO - [2024-10-25T17:52:00.521+0000] {dag.py:4180} INFO - Setting next_dagrun for my_simple_dag to 2024-10-25 00:00:00+00:00, run_after=2024-10-26 00:00:00+00:00
[2024-10-25T17:52:00.546+0000] {processor.py:208} INFO - Processing /opt/airflow/dags/my_dag.py took 0.104 seconds
[2024-10-25T17:52:29.990+0000] {processor.py:186} INFO - Started process (PID=172) to work on /opt/airflow/dags/my_dag.py
[2024-10-25T17:52:29.990+0000] {processor.py:914} INFO - Processing file /opt/airflow/dags/my_dag.py for tasks to queue
[2024-10-25T17:52:29.992+0000] {logging_mixin.py:190} INFO - [2024-10-25T17:52:29.992+0000] {dagbag.py:588} INFO - Filling up the DagBag from /opt/airflow/dags/my_dag.py
[2024-10-25T17:52:30.021+0000] {processor.py:925} INFO - DAG(s) 'my_simple_dag' retrieved from /opt/airflow/dags/my_dag.py
[2024-10-25T17:52:30.060+0000] {logging_mixin.py:190} INFO - [2024-10-25T17:52:30.060+0000] {dag.py:3239} INFO - Sync 1 DAGs
[2024-10-25T17:52:30.085+0000] {logging_mixin.py:190} INFO - [2024-10-25T17:52:30.085+0000] {dag.py:4180} INFO - Setting next_dagrun for my_simple_dag to 2024-10-25 00:00:00+00:00, run_after=2024-10-26 00:00:00+00:00
[2024-10-25T17:52:30.108+0000] {processor.py:208} INFO - Processing /opt/airflow/dags/my_dag.py took 0.124 seconds
[2024-10-25T17:54:28.564+0000] {processor.py:186} INFO - Started process (PID=172) to work on /opt/airflow/dags/my_dag.py
[2024-10-25T17:54:28.565+0000] {processor.py:914} INFO - Processing file /opt/airflow/dags/my_dag.py for tasks to queue
[2024-10-25T17:54:28.568+0000] {logging_mixin.py:190} INFO - [2024-10-25T17:54:28.567+0000] {dagbag.py:588} INFO - Filling up the DagBag from /opt/airflow/dags/my_dag.py
[2024-10-25T17:54:28.597+0000] {processor.py:925} INFO - DAG(s) 'my_simple_dag' retrieved from /opt/airflow/dags/my_dag.py
[2024-10-25T17:54:28.855+0000] {logging_mixin.py:190} INFO - [2024-10-25T17:54:28.854+0000] {override.py:1900} INFO - Created Permission View: can read on DAG:my_simple_dag
[2024-10-25T17:54:28.868+0000] {logging_mixin.py:190} INFO - [2024-10-25T17:54:28.867+0000] {override.py:1900} INFO - Created Permission View: can delete on DAG:my_simple_dag
[2024-10-25T17:54:28.881+0000] {logging_mixin.py:190} INFO - [2024-10-25T17:54:28.881+0000] {override.py:1900} INFO - Created Permission View: can edit on DAG:my_simple_dag
[2024-10-25T17:54:28.897+0000] {logging_mixin.py:190} INFO - [2024-10-25T17:54:28.897+0000] {override.py:1900} INFO - Created Permission View: can create on DAG Run:my_simple_dag
[2024-10-25T17:54:28.911+0000] {logging_mixin.py:190} INFO - [2024-10-25T17:54:28.911+0000] {override.py:1900} INFO - Created Permission View: can read on DAG Run:my_simple_dag
[2024-10-25T17:54:28.922+0000] {logging_mixin.py:190} INFO - [2024-10-25T17:54:28.921+0000] {override.py:1900} INFO - Created Permission View: can delete on DAG Run:my_simple_dag
[2024-10-25T17:54:28.933+0000] {logging_mixin.py:190} INFO - [2024-10-25T17:54:28.933+0000] {override.py:1900} INFO - Created Permission View: menu access on DAG Run:my_simple_dag
[2024-10-25T17:54:28.934+0000] {logging_mixin.py:190} INFO - [2024-10-25T17:54:28.933+0000] {dag.py:3239} INFO - Sync 1 DAGs
[2024-10-25T17:54:28.953+0000] {logging_mixin.py:190} INFO - [2024-10-25T17:54:28.952+0000] {dag.py:3262} INFO - Creating ORM DAG for my_simple_dag
[2024-10-25T17:54:28.967+0000] {logging_mixin.py:190} INFO - [2024-10-25T17:54:28.967+0000] {dag.py:4180} INFO - Setting next_dagrun for my_simple_dag to 2024-10-25 00:00:00+00:00, run_after=2024-10-26 00:00:00+00:00
[2024-10-25T17:54:28.989+0000] {processor.py:208} INFO - Processing /opt/airflow/dags/my_dag.py took 0.430 seconds
[2024-10-25T17:54:59.232+0000] {processor.py:186} INFO - Started process (PID=177) to work on /opt/airflow/dags/my_dag.py
[2024-10-25T17:54:59.233+0000] {processor.py:914} INFO - Processing file /opt/airflow/dags/my_dag.py for tasks to queue
[2024-10-25T17:54:59.237+0000] {logging_mixin.py:190} INFO - [2024-10-25T17:54:59.236+0000] {dagbag.py:588} INFO - Filling up the DagBag from /opt/airflow/dags/my_dag.py
[2024-10-25T17:54:59.257+0000] {processor.py:925} INFO - DAG(s) 'my_simple_dag' retrieved from /opt/airflow/dags/my_dag.py
[2024-10-25T17:54:59.289+0000] {logging_mixin.py:190} INFO - [2024-10-25T17:54:59.288+0000] {dag.py:3239} INFO - Sync 1 DAGs
[2024-10-25T17:54:59.319+0000] {logging_mixin.py:190} INFO - [2024-10-25T17:54:59.319+0000] {dag.py:4180} INFO - Setting next_dagrun for my_simple_dag to 2024-10-25 00:00:00+00:00, run_after=2024-10-26 00:00:00+00:00
[2024-10-25T17:54:59.345+0000] {processor.py:208} INFO - Processing /opt/airflow/dags/my_dag.py took 0.119 seconds
[2024-10-25T17:55:29.466+0000] {processor.py:186} INFO - Started process (PID=182) to work on /opt/airflow/dags/my_dag.py
[2024-10-25T17:55:29.467+0000] {processor.py:914} INFO - Processing file /opt/airflow/dags/my_dag.py for tasks to queue
[2024-10-25T17:55:29.470+0000] {logging_mixin.py:190} INFO - [2024-10-25T17:55:29.470+0000] {dagbag.py:588} INFO - Filling up the DagBag from /opt/airflow/dags/my_dag.py
[2024-10-25T17:55:29.490+0000] {processor.py:925} INFO - DAG(s) 'my_simple_dag' retrieved from /opt/airflow/dags/my_dag.py
[2024-10-25T17:55:29.520+0000] {logging_mixin.py:190} INFO - [2024-10-25T17:55:29.519+0000] {dag.py:3239} INFO - Sync 1 DAGs
[2024-10-25T17:55:29.543+0000] {logging_mixin.py:190} INFO - [2024-10-25T17:55:29.543+0000] {dag.py:4180} INFO - Setting next_dagrun for my_simple_dag to 2024-10-25 00:00:00+00:00, run_after=2024-10-26 00:00:00+00:00
[2024-10-25T17:55:29.564+0000] {processor.py:208} INFO - Processing /opt/airflow/dags/my_dag.py took 0.111 seconds
[2024-10-25T17:55:59.767+0000] {processor.py:186} INFO - Started process (PID=187) to work on /opt/airflow/dags/my_dag.py
[2024-10-25T17:55:59.768+0000] {processor.py:914} INFO - Processing file /opt/airflow/dags/my_dag.py for tasks to queue
[2024-10-25T17:55:59.773+0000] {logging_mixin.py:190} INFO - [2024-10-25T17:55:59.773+0000] {dagbag.py:588} INFO - Filling up the DagBag from /opt/airflow/dags/my_dag.py
[2024-10-25T17:55:59.792+0000] {processor.py:925} INFO - DAG(s) 'my_simple_dag' retrieved from /opt/airflow/dags/my_dag.py
[2024-10-25T17:55:59.819+0000] {logging_mixin.py:190} INFO - [2024-10-25T17:55:59.819+0000] {dag.py:3239} INFO - Sync 1 DAGs
[2024-10-25T17:55:59.845+0000] {logging_mixin.py:190} INFO - [2024-10-25T17:55:59.845+0000] {dag.py:4180} INFO - Setting next_dagrun for my_simple_dag to 2024-10-25 00:00:00+00:00, run_after=2024-10-26 00:00:00+00:00
[2024-10-25T17:55:59.867+0000] {processor.py:208} INFO - Processing /opt/airflow/dags/my_dag.py took 0.105 seconds
[2024-10-25T17:56:29.999+0000] {processor.py:186} INFO - Started process (PID=192) to work on /opt/airflow/dags/my_dag.py
[2024-10-25T17:56:30.000+0000] {processor.py:914} INFO - Processing file /opt/airflow/dags/my_dag.py for tasks to queue
[2024-10-25T17:56:30.003+0000] {logging_mixin.py:190} INFO - [2024-10-25T17:56:30.003+0000] {dagbag.py:588} INFO - Filling up the DagBag from /opt/airflow/dags/my_dag.py
[2024-10-25T17:56:30.021+0000] {processor.py:925} INFO - DAG(s) 'my_simple_dag' retrieved from /opt/airflow/dags/my_dag.py
[2024-10-25T17:56:30.051+0000] {logging_mixin.py:190} INFO - [2024-10-25T17:56:30.050+0000] {dag.py:3239} INFO - Sync 1 DAGs
[2024-10-25T17:56:30.076+0000] {logging_mixin.py:190} INFO - [2024-10-25T17:56:30.076+0000] {dag.py:4180} INFO - Setting next_dagrun for my_simple_dag to 2024-10-25 00:00:00+00:00, run_after=2024-10-26 00:00:00+00:00
[2024-10-25T17:56:30.100+0000] {processor.py:208} INFO - Processing /opt/airflow/dags/my_dag.py took 0.106 seconds
[2024-10-25T17:57:00.298+0000] {processor.py:186} INFO - Started process (PID=197) to work on /opt/airflow/dags/my_dag.py
[2024-10-25T17:57:00.299+0000] {processor.py:914} INFO - Processing file /opt/airflow/dags/my_dag.py for tasks to queue
[2024-10-25T17:57:00.301+0000] {logging_mixin.py:190} INFO - [2024-10-25T17:57:00.301+0000] {dagbag.py:588} INFO - Filling up the DagBag from /opt/airflow/dags/my_dag.py
[2024-10-25T17:57:00.319+0000] {processor.py:925} INFO - DAG(s) 'my_simple_dag' retrieved from /opt/airflow/dags/my_dag.py
[2024-10-25T17:57:00.345+0000] {logging_mixin.py:190} INFO - [2024-10-25T17:57:00.345+0000] {dag.py:3239} INFO - Sync 1 DAGs
[2024-10-25T17:57:00.369+0000] {logging_mixin.py:190} INFO - [2024-10-25T17:57:00.369+0000] {dag.py:4180} INFO - Setting next_dagrun for my_simple_dag to 2024-10-25 00:00:00+00:00, run_after=2024-10-26 00:00:00+00:00
[2024-10-25T17:57:00.394+0000] {processor.py:208} INFO - Processing /opt/airflow/dags/my_dag.py took 0.101 seconds
[2024-10-25T18:04:31.146+0000] {processor.py:186} INFO - Started process (PID=172) to work on /opt/airflow/dags/my_dag.py
[2024-10-25T18:04:31.146+0000] {processor.py:914} INFO - Processing file /opt/airflow/dags/my_dag.py for tasks to queue
[2024-10-25T18:04:31.148+0000] {logging_mixin.py:190} INFO - [2024-10-25T18:04:31.148+0000] {dagbag.py:588} INFO - Filling up the DagBag from /opt/airflow/dags/my_dag.py
[2024-10-25T18:04:31.182+0000] {processor.py:925} INFO - DAG(s) 'my_simple_dag' retrieved from /opt/airflow/dags/my_dag.py
[2024-10-25T18:04:31.386+0000] {logging_mixin.py:190} INFO - [2024-10-25T18:04:31.385+0000] {override.py:1900} INFO - Created Permission View: can edit on DAG:my_simple_dag
[2024-10-25T18:04:31.397+0000] {logging_mixin.py:190} INFO - [2024-10-25T18:04:31.397+0000] {override.py:1900} INFO - Created Permission View: can read on DAG:my_simple_dag
[2024-10-25T18:04:31.408+0000] {logging_mixin.py:190} INFO - [2024-10-25T18:04:31.408+0000] {override.py:1900} INFO - Created Permission View: can delete on DAG:my_simple_dag
[2024-10-25T18:04:31.420+0000] {logging_mixin.py:190} INFO - [2024-10-25T18:04:31.420+0000] {override.py:1900} INFO - Created Permission View: can read on DAG Run:my_simple_dag
[2024-10-25T18:04:31.432+0000] {logging_mixin.py:190} INFO - [2024-10-25T18:04:31.431+0000] {override.py:1900} INFO - Created Permission View: can create on DAG Run:my_simple_dag
[2024-10-25T18:04:31.443+0000] {logging_mixin.py:190} INFO - [2024-10-25T18:04:31.443+0000] {override.py:1900} INFO - Created Permission View: menu access on DAG Run:my_simple_dag
[2024-10-25T18:04:31.456+0000] {logging_mixin.py:190} INFO - [2024-10-25T18:04:31.455+0000] {override.py:1900} INFO - Created Permission View: can delete on DAG Run:my_simple_dag
[2024-10-25T18:04:31.457+0000] {logging_mixin.py:190} INFO - [2024-10-25T18:04:31.456+0000] {dag.py:3239} INFO - Sync 1 DAGs
[2024-10-25T18:04:31.470+0000] {logging_mixin.py:190} INFO - [2024-10-25T18:04:31.469+0000] {dag.py:3262} INFO - Creating ORM DAG for my_simple_dag
[2024-10-25T18:04:31.480+0000] {logging_mixin.py:190} INFO - [2024-10-25T18:04:31.479+0000] {dag.py:4180} INFO - Setting next_dagrun for my_simple_dag to 2024-10-25 00:00:00+00:00, run_after=2024-10-26 00:00:00+00:00
[2024-10-25T18:04:31.500+0000] {processor.py:208} INFO - Processing /opt/airflow/dags/my_dag.py took 0.360 seconds
[2024-10-25T18:05:01.719+0000] {processor.py:186} INFO - Started process (PID=177) to work on /opt/airflow/dags/my_dag.py
[2024-10-25T18:05:01.721+0000] {processor.py:914} INFO - Processing file /opt/airflow/dags/my_dag.py for tasks to queue
[2024-10-25T18:05:01.724+0000] {logging_mixin.py:190} INFO - [2024-10-25T18:05:01.723+0000] {dagbag.py:588} INFO - Filling up the DagBag from /opt/airflow/dags/my_dag.py
[2024-10-25T18:05:01.744+0000] {processor.py:925} INFO - DAG(s) 'my_simple_dag' retrieved from /opt/airflow/dags/my_dag.py
[2024-10-25T18:05:01.771+0000] {logging_mixin.py:190} INFO - [2024-10-25T18:05:01.771+0000] {dag.py:3239} INFO - Sync 1 DAGs
[2024-10-25T18:05:01.798+0000] {logging_mixin.py:190} INFO - [2024-10-25T18:05:01.798+0000] {dag.py:4180} INFO - Setting next_dagrun for my_simple_dag to 2024-10-25 00:00:00+00:00, run_after=2024-10-26 00:00:00+00:00
[2024-10-25T18:05:01.827+0000] {processor.py:208} INFO - Processing /opt/airflow/dags/my_dag.py took 0.113 seconds
[2024-10-25T18:05:31.929+0000] {processor.py:186} INFO - Started process (PID=182) to work on /opt/airflow/dags/my_dag.py
[2024-10-25T18:05:31.930+0000] {processor.py:914} INFO - Processing file /opt/airflow/dags/my_dag.py for tasks to queue
[2024-10-25T18:05:31.932+0000] {logging_mixin.py:190} INFO - [2024-10-25T18:05:31.932+0000] {dagbag.py:588} INFO - Filling up the DagBag from /opt/airflow/dags/my_dag.py
[2024-10-25T18:05:31.950+0000] {processor.py:925} INFO - DAG(s) 'my_simple_dag' retrieved from /opt/airflow/dags/my_dag.py
[2024-10-25T18:05:31.981+0000] {logging_mixin.py:190} INFO - [2024-10-25T18:05:31.980+0000] {dag.py:3239} INFO - Sync 1 DAGs
[2024-10-25T18:05:32.008+0000] {logging_mixin.py:190} INFO - [2024-10-25T18:05:32.008+0000] {dag.py:4180} INFO - Setting next_dagrun for my_simple_dag to 2024-10-25 00:00:00+00:00, run_after=2024-10-26 00:00:00+00:00
[2024-10-25T18:05:32.030+0000] {processor.py:208} INFO - Processing /opt/airflow/dags/my_dag.py took 0.106 seconds
[2024-10-25T18:06:02.256+0000] {processor.py:186} INFO - Started process (PID=187) to work on /opt/airflow/dags/my_dag.py
[2024-10-25T18:06:02.257+0000] {processor.py:914} INFO - Processing file /opt/airflow/dags/my_dag.py for tasks to queue
[2024-10-25T18:06:02.259+0000] {logging_mixin.py:190} INFO - [2024-10-25T18:06:02.259+0000] {dagbag.py:588} INFO - Filling up the DagBag from /opt/airflow/dags/my_dag.py
[2024-10-25T18:06:02.277+0000] {processor.py:925} INFO - DAG(s) 'my_simple_dag' retrieved from /opt/airflow/dags/my_dag.py
[2024-10-25T18:06:02.306+0000] {logging_mixin.py:190} INFO - [2024-10-25T18:06:02.306+0000] {dag.py:3239} INFO - Sync 1 DAGs
[2024-10-25T18:06:02.329+0000] {logging_mixin.py:190} INFO - [2024-10-25T18:06:02.329+0000] {dag.py:4180} INFO - Setting next_dagrun for my_simple_dag to 2024-10-25 00:00:00+00:00, run_after=2024-10-26 00:00:00+00:00
[2024-10-25T18:06:02.349+0000] {processor.py:208} INFO - Processing /opt/airflow/dags/my_dag.py took 0.098 seconds
[2024-10-25T18:06:32.475+0000] {processor.py:186} INFO - Started process (PID=192) to work on /opt/airflow/dags/my_dag.py
[2024-10-25T18:06:32.476+0000] {processor.py:914} INFO - Processing file /opt/airflow/dags/my_dag.py for tasks to queue
[2024-10-25T18:06:32.479+0000] {logging_mixin.py:190} INFO - [2024-10-25T18:06:32.478+0000] {dagbag.py:588} INFO - Filling up the DagBag from /opt/airflow/dags/my_dag.py
[2024-10-25T18:06:32.499+0000] {processor.py:925} INFO - DAG(s) 'my_simple_dag' retrieved from /opt/airflow/dags/my_dag.py
[2024-10-25T18:06:32.526+0000] {logging_mixin.py:190} INFO - [2024-10-25T18:06:32.526+0000] {dag.py:3239} INFO - Sync 1 DAGs
[2024-10-25T18:06:32.559+0000] {logging_mixin.py:190} INFO - [2024-10-25T18:06:32.559+0000] {dag.py:4180} INFO - Setting next_dagrun for my_simple_dag to 2024-10-25 00:00:00+00:00, run_after=2024-10-26 00:00:00+00:00
[2024-10-25T18:06:32.581+0000] {processor.py:208} INFO - Processing /opt/airflow/dags/my_dag.py took 0.111 seconds
[2024-10-25T18:07:02.780+0000] {processor.py:186} INFO - Started process (PID=197) to work on /opt/airflow/dags/my_dag.py
[2024-10-25T18:07:02.780+0000] {processor.py:914} INFO - Processing file /opt/airflow/dags/my_dag.py for tasks to queue
[2024-10-25T18:07:02.782+0000] {logging_mixin.py:190} INFO - [2024-10-25T18:07:02.782+0000] {dagbag.py:588} INFO - Filling up the DagBag from /opt/airflow/dags/my_dag.py
[2024-10-25T18:07:02.799+0000] {processor.py:925} INFO - DAG(s) 'my_simple_dag' retrieved from /opt/airflow/dags/my_dag.py
[2024-10-25T18:07:02.827+0000] {logging_mixin.py:190} INFO - [2024-10-25T18:07:02.827+0000] {dag.py:3239} INFO - Sync 1 DAGs
[2024-10-25T18:07:02.854+0000] {logging_mixin.py:190} INFO - [2024-10-25T18:07:02.854+0000] {dag.py:4180} INFO - Setting next_dagrun for my_simple_dag to 2024-10-25 00:00:00+00:00, run_after=2024-10-26 00:00:00+00:00
[2024-10-25T18:07:02.877+0000] {processor.py:208} INFO - Processing /opt/airflow/dags/my_dag.py took 0.102 seconds
[2024-10-25T18:07:33.007+0000] {processor.py:186} INFO - Started process (PID=202) to work on /opt/airflow/dags/my_dag.py
[2024-10-25T18:07:33.008+0000] {processor.py:914} INFO - Processing file /opt/airflow/dags/my_dag.py for tasks to queue
[2024-10-25T18:07:33.010+0000] {logging_mixin.py:190} INFO - [2024-10-25T18:07:33.010+0000] {dagbag.py:588} INFO - Filling up the DagBag from /opt/airflow/dags/my_dag.py
[2024-10-25T18:07:33.030+0000] {processor.py:925} INFO - DAG(s) 'my_simple_dag' retrieved from /opt/airflow/dags/my_dag.py
[2024-10-25T18:07:33.057+0000] {logging_mixin.py:190} INFO - [2024-10-25T18:07:33.057+0000] {dag.py:3239} INFO - Sync 1 DAGs
[2024-10-25T18:07:33.078+0000] {logging_mixin.py:190} INFO - [2024-10-25T18:07:33.078+0000] {dag.py:4180} INFO - Setting next_dagrun for my_simple_dag to 2024-10-25 00:00:00+00:00, run_after=2024-10-26 00:00:00+00:00
[2024-10-25T18:07:33.099+0000] {processor.py:208} INFO - Processing /opt/airflow/dags/my_dag.py took 0.098 seconds
[2024-10-25T18:08:03.321+0000] {processor.py:186} INFO - Started process (PID=207) to work on /opt/airflow/dags/my_dag.py
[2024-10-25T18:08:03.322+0000] {processor.py:914} INFO - Processing file /opt/airflow/dags/my_dag.py for tasks to queue
[2024-10-25T18:08:03.324+0000] {logging_mixin.py:190} INFO - [2024-10-25T18:08:03.324+0000] {dagbag.py:588} INFO - Filling up the DagBag from /opt/airflow/dags/my_dag.py
[2024-10-25T18:08:03.342+0000] {processor.py:925} INFO - DAG(s) 'my_simple_dag' retrieved from /opt/airflow/dags/my_dag.py
[2024-10-25T18:08:03.368+0000] {logging_mixin.py:190} INFO - [2024-10-25T18:08:03.367+0000] {dag.py:3239} INFO - Sync 1 DAGs
[2024-10-25T18:08:03.391+0000] {logging_mixin.py:190} INFO - [2024-10-25T18:08:03.391+0000] {dag.py:4180} INFO - Setting next_dagrun for my_simple_dag to 2024-10-25 00:00:00+00:00, run_after=2024-10-26 00:00:00+00:00
[2024-10-25T18:08:03.409+0000] {processor.py:208} INFO - Processing /opt/airflow/dags/my_dag.py took 0.092 seconds
[2024-10-25T18:08:33.542+0000] {processor.py:186} INFO - Started process (PID=212) to work on /opt/airflow/dags/my_dag.py
[2024-10-25T18:08:33.543+0000] {processor.py:914} INFO - Processing file /opt/airflow/dags/my_dag.py for tasks to queue
[2024-10-25T18:08:33.545+0000] {logging_mixin.py:190} INFO - [2024-10-25T18:08:33.545+0000] {dagbag.py:588} INFO - Filling up the DagBag from /opt/airflow/dags/my_dag.py
[2024-10-25T18:08:33.567+0000] {processor.py:925} INFO - DAG(s) 'my_simple_dag' retrieved from /opt/airflow/dags/my_dag.py
[2024-10-25T18:08:33.599+0000] {logging_mixin.py:190} INFO - [2024-10-25T18:08:33.598+0000] {dag.py:3239} INFO - Sync 1 DAGs
[2024-10-25T18:08:33.628+0000] {logging_mixin.py:190} INFO - [2024-10-25T18:08:33.627+0000] {dag.py:4180} INFO - Setting next_dagrun for my_simple_dag to 2024-10-25 00:00:00+00:00, run_after=2024-10-26 00:00:00+00:00
[2024-10-25T18:08:33.654+0000] {processor.py:208} INFO - Processing /opt/airflow/dags/my_dag.py took 0.118 seconds
[2024-10-25T18:09:03.839+0000] {processor.py:186} INFO - Started process (PID=217) to work on /opt/airflow/dags/my_dag.py
[2024-10-25T18:09:03.840+0000] {processor.py:914} INFO - Processing file /opt/airflow/dags/my_dag.py for tasks to queue
[2024-10-25T18:09:03.842+0000] {logging_mixin.py:190} INFO - [2024-10-25T18:09:03.842+0000] {dagbag.py:588} INFO - Filling up the DagBag from /opt/airflow/dags/my_dag.py
[2024-10-25T18:09:03.860+0000] {processor.py:925} INFO - DAG(s) 'my_simple_dag' retrieved from /opt/airflow/dags/my_dag.py
[2024-10-25T18:09:03.886+0000] {logging_mixin.py:190} INFO - [2024-10-25T18:09:03.885+0000] {dag.py:3239} INFO - Sync 1 DAGs
[2024-10-25T18:09:03.908+0000] {logging_mixin.py:190} INFO - [2024-10-25T18:09:03.908+0000] {dag.py:4180} INFO - Setting next_dagrun for my_simple_dag to 2024-10-25 00:00:00+00:00, run_after=2024-10-26 00:00:00+00:00
[2024-10-25T18:09:03.930+0000] {processor.py:208} INFO - Processing /opt/airflow/dags/my_dag.py took 0.096 seconds
[2024-10-25T18:09:34.088+0000] {processor.py:186} INFO - Started process (PID=222) to work on /opt/airflow/dags/my_dag.py
[2024-10-25T18:09:34.089+0000] {processor.py:914} INFO - Processing file /opt/airflow/dags/my_dag.py for tasks to queue
[2024-10-25T18:09:34.092+0000] {logging_mixin.py:190} INFO - [2024-10-25T18:09:34.091+0000] {dagbag.py:588} INFO - Filling up the DagBag from /opt/airflow/dags/my_dag.py
[2024-10-25T18:09:34.110+0000] {processor.py:925} INFO - DAG(s) 'my_simple_dag' retrieved from /opt/airflow/dags/my_dag.py
[2024-10-25T18:09:34.138+0000] {logging_mixin.py:190} INFO - [2024-10-25T18:09:34.137+0000] {dag.py:3239} INFO - Sync 1 DAGs
[2024-10-25T18:09:34.162+0000] {logging_mixin.py:190} INFO - [2024-10-25T18:09:34.162+0000] {dag.py:4180} INFO - Setting next_dagrun for my_simple_dag to 2024-10-25 00:00:00+00:00, run_after=2024-10-26 00:00:00+00:00
[2024-10-25T18:09:34.184+0000] {processor.py:208} INFO - Processing /opt/airflow/dags/my_dag.py took 0.101 seconds
[2024-10-25T18:10:04.388+0000] {processor.py:186} INFO - Started process (PID=227) to work on /opt/airflow/dags/my_dag.py
[2024-10-25T18:10:04.389+0000] {processor.py:914} INFO - Processing file /opt/airflow/dags/my_dag.py for tasks to queue
[2024-10-25T18:10:04.393+0000] {logging_mixin.py:190} INFO - [2024-10-25T18:10:04.392+0000] {dagbag.py:588} INFO - Filling up the DagBag from /opt/airflow/dags/my_dag.py
[2024-10-25T18:10:04.412+0000] {processor.py:925} INFO - DAG(s) 'my_simple_dag' retrieved from /opt/airflow/dags/my_dag.py
[2024-10-25T18:10:04.440+0000] {logging_mixin.py:190} INFO - [2024-10-25T18:10:04.440+0000] {dag.py:3239} INFO - Sync 1 DAGs
[2024-10-25T18:10:04.465+0000] {logging_mixin.py:190} INFO - [2024-10-25T18:10:04.464+0000] {dag.py:4180} INFO - Setting next_dagrun for my_simple_dag to 2024-10-25 00:00:00+00:00, run_after=2024-10-26 00:00:00+00:00
[2024-10-25T18:10:04.485+0000] {processor.py:208} INFO - Processing /opt/airflow/dags/my_dag.py took 0.103 seconds
[2024-10-25T18:10:34.614+0000] {processor.py:186} INFO - Started process (PID=232) to work on /opt/airflow/dags/my_dag.py
[2024-10-25T18:10:34.615+0000] {processor.py:914} INFO - Processing file /opt/airflow/dags/my_dag.py for tasks to queue
[2024-10-25T18:10:34.617+0000] {logging_mixin.py:190} INFO - [2024-10-25T18:10:34.617+0000] {dagbag.py:588} INFO - Filling up the DagBag from /opt/airflow/dags/my_dag.py
[2024-10-25T18:10:34.633+0000] {processor.py:925} INFO - DAG(s) 'my_simple_dag' retrieved from /opt/airflow/dags/my_dag.py
[2024-10-25T18:10:34.657+0000] {logging_mixin.py:190} INFO - [2024-10-25T18:10:34.657+0000] {dag.py:3239} INFO - Sync 1 DAGs
[2024-10-25T18:10:34.679+0000] {logging_mixin.py:190} INFO - [2024-10-25T18:10:34.679+0000] {dag.py:4180} INFO - Setting next_dagrun for my_simple_dag to 2024-10-25 00:00:00+00:00, run_after=2024-10-26 00:00:00+00:00
[2024-10-25T18:10:34.699+0000] {processor.py:208} INFO - Processing /opt/airflow/dags/my_dag.py took 0.091 seconds
[2024-10-25T18:11:04.934+0000] {processor.py:186} INFO - Started process (PID=237) to work on /opt/airflow/dags/my_dag.py
[2024-10-25T18:11:04.934+0000] {processor.py:914} INFO - Processing file /opt/airflow/dags/my_dag.py for tasks to queue
[2024-10-25T18:11:04.937+0000] {logging_mixin.py:190} INFO - [2024-10-25T18:11:04.937+0000] {dagbag.py:588} INFO - Filling up the DagBag from /opt/airflow/dags/my_dag.py
[2024-10-25T18:11:04.956+0000] {processor.py:925} INFO - DAG(s) 'my_simple_dag' retrieved from /opt/airflow/dags/my_dag.py
[2024-10-25T18:11:04.984+0000] {logging_mixin.py:190} INFO - [2024-10-25T18:11:04.983+0000] {dag.py:3239} INFO - Sync 1 DAGs
[2024-10-25T18:11:05.009+0000] {logging_mixin.py:190} INFO - [2024-10-25T18:11:05.009+0000] {dag.py:4180} INFO - Setting next_dagrun for my_simple_dag to 2024-10-25 00:00:00+00:00, run_after=2024-10-26 00:00:00+00:00
[2024-10-25T18:11:05.031+0000] {processor.py:208} INFO - Processing /opt/airflow/dags/my_dag.py took 0.104 seconds
[2024-10-25T18:11:35.169+0000] {processor.py:186} INFO - Started process (PID=242) to work on /opt/airflow/dags/my_dag.py
[2024-10-25T18:11:35.170+0000] {processor.py:914} INFO - Processing file /opt/airflow/dags/my_dag.py for tasks to queue
[2024-10-25T18:11:35.172+0000] {logging_mixin.py:190} INFO - [2024-10-25T18:11:35.172+0000] {dagbag.py:588} INFO - Filling up the DagBag from /opt/airflow/dags/my_dag.py
[2024-10-25T18:11:35.191+0000] {processor.py:925} INFO - DAG(s) 'my_simple_dag' retrieved from /opt/airflow/dags/my_dag.py
[2024-10-25T18:11:35.218+0000] {logging_mixin.py:190} INFO - [2024-10-25T18:11:35.217+0000] {dag.py:3239} INFO - Sync 1 DAGs
[2024-10-25T18:11:35.240+0000] {logging_mixin.py:190} INFO - [2024-10-25T18:11:35.240+0000] {dag.py:4180} INFO - Setting next_dagrun for my_simple_dag to 2024-10-25 00:00:00+00:00, run_after=2024-10-26 00:00:00+00:00
[2024-10-25T18:11:35.262+0000] {processor.py:208} INFO - Processing /opt/airflow/dags/my_dag.py took 0.098 seconds
[2024-10-25T18:12:05.465+0000] {processor.py:186} INFO - Started process (PID=247) to work on /opt/airflow/dags/my_dag.py
[2024-10-25T18:12:05.466+0000] {processor.py:914} INFO - Processing file /opt/airflow/dags/my_dag.py for tasks to queue
[2024-10-25T18:12:05.467+0000] {logging_mixin.py:190} INFO - [2024-10-25T18:12:05.467+0000] {dagbag.py:588} INFO - Filling up the DagBag from /opt/airflow/dags/my_dag.py
[2024-10-25T18:12:05.486+0000] {processor.py:925} INFO - DAG(s) 'my_simple_dag' retrieved from /opt/airflow/dags/my_dag.py
[2024-10-25T18:12:05.512+0000] {logging_mixin.py:190} INFO - [2024-10-25T18:12:05.511+0000] {dag.py:3239} INFO - Sync 1 DAGs
[2024-10-25T18:12:05.534+0000] {logging_mixin.py:190} INFO - [2024-10-25T18:12:05.534+0000] {dag.py:4180} INFO - Setting next_dagrun for my_simple_dag to 2024-10-25 00:00:00+00:00, run_after=2024-10-26 00:00:00+00:00
[2024-10-25T18:12:05.555+0000] {processor.py:208} INFO - Processing /opt/airflow/dags/my_dag.py took 0.095 seconds
[2024-10-25T18:12:35.694+0000] {processor.py:186} INFO - Started process (PID=252) to work on /opt/airflow/dags/my_dag.py
[2024-10-25T18:12:35.695+0000] {processor.py:914} INFO - Processing file /opt/airflow/dags/my_dag.py for tasks to queue
[2024-10-25T18:12:35.697+0000] {logging_mixin.py:190} INFO - [2024-10-25T18:12:35.696+0000] {dagbag.py:588} INFO - Filling up the DagBag from /opt/airflow/dags/my_dag.py
[2024-10-25T18:12:35.715+0000] {processor.py:925} INFO - DAG(s) 'my_simple_dag' retrieved from /opt/airflow/dags/my_dag.py
[2024-10-25T18:12:35.743+0000] {logging_mixin.py:190} INFO - [2024-10-25T18:12:35.742+0000] {dag.py:3239} INFO - Sync 1 DAGs
[2024-10-25T18:12:35.766+0000] {logging_mixin.py:190} INFO - [2024-10-25T18:12:35.766+0000] {dag.py:4180} INFO - Setting next_dagrun for my_simple_dag to 2024-10-25 00:00:00+00:00, run_after=2024-10-26 00:00:00+00:00
[2024-10-25T18:12:35.789+0000] {processor.py:208} INFO - Processing /opt/airflow/dags/my_dag.py took 0.100 seconds
[2024-10-25T18:13:05.993+0000] {processor.py:186} INFO - Started process (PID=257) to work on /opt/airflow/dags/my_dag.py
[2024-10-25T18:13:05.994+0000] {processor.py:914} INFO - Processing file /opt/airflow/dags/my_dag.py for tasks to queue
[2024-10-25T18:13:05.996+0000] {logging_mixin.py:190} INFO - [2024-10-25T18:13:05.996+0000] {dagbag.py:588} INFO - Filling up the DagBag from /opt/airflow/dags/my_dag.py
[2024-10-25T18:13:06.014+0000] {processor.py:925} INFO - DAG(s) 'my_simple_dag' retrieved from /opt/airflow/dags/my_dag.py
[2024-10-25T18:13:06.041+0000] {logging_mixin.py:190} INFO - [2024-10-25T18:13:06.040+0000] {dag.py:3239} INFO - Sync 1 DAGs
[2024-10-25T18:13:06.065+0000] {logging_mixin.py:190} INFO - [2024-10-25T18:13:06.065+0000] {dag.py:4180} INFO - Setting next_dagrun for my_simple_dag to 2024-10-25 00:00:00+00:00, run_after=2024-10-26 00:00:00+00:00
[2024-10-25T18:13:06.090+0000] {processor.py:208} INFO - Processing /opt/airflow/dags/my_dag.py took 0.102 seconds
[2024-10-25T18:13:36.228+0000] {processor.py:186} INFO - Started process (PID=262) to work on /opt/airflow/dags/my_dag.py
[2024-10-25T18:13:36.229+0000] {processor.py:914} INFO - Processing file /opt/airflow/dags/my_dag.py for tasks to queue
[2024-10-25T18:13:36.231+0000] {logging_mixin.py:190} INFO - [2024-10-25T18:13:36.231+0000] {dagbag.py:588} INFO - Filling up the DagBag from /opt/airflow/dags/my_dag.py
[2024-10-25T18:13:36.248+0000] {processor.py:925} INFO - DAG(s) 'my_simple_dag' retrieved from /opt/airflow/dags/my_dag.py
[2024-10-25T18:13:36.270+0000] {logging_mixin.py:190} INFO - [2024-10-25T18:13:36.270+0000] {dag.py:3239} INFO - Sync 1 DAGs
[2024-10-25T18:13:36.291+0000] {logging_mixin.py:190} INFO - [2024-10-25T18:13:36.290+0000] {dag.py:4180} INFO - Setting next_dagrun for my_simple_dag to 2024-10-25 00:00:00+00:00, run_after=2024-10-26 00:00:00+00:00
[2024-10-25T18:13:36.310+0000] {processor.py:208} INFO - Processing /opt/airflow/dags/my_dag.py took 0.086 seconds
[2024-10-25T18:15:35.292+0000] {processor.py:186} INFO - Started process (PID=172) to work on /opt/airflow/dags/my_dag.py
[2024-10-25T18:15:35.293+0000] {processor.py:914} INFO - Processing file /opt/airflow/dags/my_dag.py for tasks to queue
[2024-10-25T18:15:35.296+0000] {logging_mixin.py:190} INFO - [2024-10-25T18:15:35.296+0000] {dagbag.py:588} INFO - Filling up the DagBag from /opt/airflow/dags/my_dag.py
[2024-10-25T18:15:35.340+0000] {processor.py:925} INFO - DAG(s) 'my_simple_dag' retrieved from /opt/airflow/dags/my_dag.py
[2024-10-25T18:15:35.598+0000] {logging_mixin.py:190} INFO - [2024-10-25T18:15:35.597+0000] {override.py:1900} INFO - Created Permission View: can read on DAG:my_simple_dag
[2024-10-25T18:15:35.612+0000] {logging_mixin.py:190} INFO - [2024-10-25T18:15:35.611+0000] {override.py:1900} INFO - Created Permission View: can delete on DAG:my_simple_dag
[2024-10-25T18:15:35.620+0000] {logging_mixin.py:190} INFO - [2024-10-25T18:15:35.620+0000] {override.py:1900} INFO - Created Permission View: can edit on DAG:my_simple_dag
[2024-10-25T18:15:35.631+0000] {logging_mixin.py:190} INFO - [2024-10-25T18:15:35.630+0000] {override.py:1900} INFO - Created Permission View: can read on DAG Run:my_simple_dag
[2024-10-25T18:15:35.640+0000] {logging_mixin.py:190} INFO - [2024-10-25T18:15:35.640+0000] {override.py:1900} INFO - Created Permission View: can delete on DAG Run:my_simple_dag
[2024-10-25T18:15:35.648+0000] {logging_mixin.py:190} INFO - [2024-10-25T18:15:35.648+0000] {override.py:1900} INFO - Created Permission View: menu access on DAG Run:my_simple_dag
[2024-10-25T18:15:35.657+0000] {logging_mixin.py:190} INFO - [2024-10-25T18:15:35.656+0000] {override.py:1900} INFO - Created Permission View: can create on DAG Run:my_simple_dag
[2024-10-25T18:15:35.657+0000] {logging_mixin.py:190} INFO - [2024-10-25T18:15:35.657+0000] {dag.py:3239} INFO - Sync 1 DAGs
[2024-10-25T18:15:35.671+0000] {logging_mixin.py:190} INFO - [2024-10-25T18:15:35.671+0000] {dag.py:3262} INFO - Creating ORM DAG for my_simple_dag
[2024-10-25T18:15:35.683+0000] {logging_mixin.py:190} INFO - [2024-10-25T18:15:35.683+0000] {dag.py:4180} INFO - Setting next_dagrun for my_simple_dag to 2024-10-25 00:00:00+00:00, run_after=2024-10-26 00:00:00+00:00
[2024-10-25T18:15:35.704+0000] {processor.py:208} INFO - Processing /opt/airflow/dags/my_dag.py took 0.419 seconds
[2024-10-25T18:16:05.934+0000] {processor.py:186} INFO - Started process (PID=177) to work on /opt/airflow/dags/my_dag.py
[2024-10-25T18:16:05.935+0000] {processor.py:914} INFO - Processing file /opt/airflow/dags/my_dag.py for tasks to queue
[2024-10-25T18:16:05.938+0000] {logging_mixin.py:190} INFO - [2024-10-25T18:16:05.937+0000] {dagbag.py:588} INFO - Filling up the DagBag from /opt/airflow/dags/my_dag.py
[2024-10-25T18:16:05.959+0000] {processor.py:925} INFO - DAG(s) 'my_simple_dag' retrieved from /opt/airflow/dags/my_dag.py
[2024-10-25T18:16:05.999+0000] {logging_mixin.py:190} INFO - [2024-10-25T18:16:05.999+0000] {dag.py:3239} INFO - Sync 1 DAGs
[2024-10-25T18:16:06.029+0000] {logging_mixin.py:190} INFO - [2024-10-25T18:16:06.028+0000] {dag.py:4180} INFO - Setting next_dagrun for my_simple_dag to 2024-10-25 00:00:00+00:00, run_after=2024-10-26 00:00:00+00:00
[2024-10-25T18:16:06.054+0000] {processor.py:208} INFO - Processing /opt/airflow/dags/my_dag.py took 0.126 seconds
[2024-10-25T18:16:36.158+0000] {processor.py:186} INFO - Started process (PID=182) to work on /opt/airflow/dags/my_dag.py
[2024-10-25T18:16:36.159+0000] {processor.py:914} INFO - Processing file /opt/airflow/dags/my_dag.py for tasks to queue
[2024-10-25T18:16:36.162+0000] {logging_mixin.py:190} INFO - [2024-10-25T18:16:36.162+0000] {dagbag.py:588} INFO - Filling up the DagBag from /opt/airflow/dags/my_dag.py
[2024-10-25T18:16:36.182+0000] {processor.py:925} INFO - DAG(s) 'my_simple_dag' retrieved from /opt/airflow/dags/my_dag.py
[2024-10-25T18:16:36.211+0000] {logging_mixin.py:190} INFO - [2024-10-25T18:16:36.211+0000] {dag.py:3239} INFO - Sync 1 DAGs
[2024-10-25T18:16:36.236+0000] {logging_mixin.py:190} INFO - [2024-10-25T18:16:36.236+0000] {dag.py:4180} INFO - Setting next_dagrun for my_simple_dag to 2024-10-25 00:00:00+00:00, run_after=2024-10-26 00:00:00+00:00
[2024-10-25T18:16:36.256+0000] {processor.py:208} INFO - Processing /opt/airflow/dags/my_dag.py took 0.103 seconds
[2024-10-25T18:17:06.479+0000] {processor.py:186} INFO - Started process (PID=187) to work on /opt/airflow/dags/my_dag.py
[2024-10-25T18:17:06.480+0000] {processor.py:914} INFO - Processing file /opt/airflow/dags/my_dag.py for tasks to queue
[2024-10-25T18:17:06.482+0000] {logging_mixin.py:190} INFO - [2024-10-25T18:17:06.482+0000] {dagbag.py:588} INFO - Filling up the DagBag from /opt/airflow/dags/my_dag.py
[2024-10-25T18:17:06.503+0000] {processor.py:925} INFO - DAG(s) 'my_simple_dag' retrieved from /opt/airflow/dags/my_dag.py
[2024-10-25T18:17:06.530+0000] {logging_mixin.py:190} INFO - [2024-10-25T18:17:06.530+0000] {dag.py:3239} INFO - Sync 1 DAGs
[2024-10-25T18:17:06.555+0000] {logging_mixin.py:190} INFO - [2024-10-25T18:17:06.555+0000] {dag.py:4180} INFO - Setting next_dagrun for my_simple_dag to 2024-10-25 00:00:00+00:00, run_after=2024-10-26 00:00:00+00:00
[2024-10-25T18:17:06.580+0000] {processor.py:208} INFO - Processing /opt/airflow/dags/my_dag.py took 0.108 seconds
[2024-10-25T18:17:36.708+0000] {processor.py:186} INFO - Started process (PID=192) to work on /opt/airflow/dags/my_dag.py
[2024-10-25T18:17:36.709+0000] {processor.py:914} INFO - Processing file /opt/airflow/dags/my_dag.py for tasks to queue
[2024-10-25T18:17:36.712+0000] {logging_mixin.py:190} INFO - [2024-10-25T18:17:36.712+0000] {dagbag.py:588} INFO - Filling up the DagBag from /opt/airflow/dags/my_dag.py
[2024-10-25T18:17:36.731+0000] {processor.py:925} INFO - DAG(s) 'my_simple_dag' retrieved from /opt/airflow/dags/my_dag.py
[2024-10-25T18:17:36.758+0000] {logging_mixin.py:190} INFO - [2024-10-25T18:17:36.757+0000] {dag.py:3239} INFO - Sync 1 DAGs
[2024-10-25T18:17:36.780+0000] {logging_mixin.py:190} INFO - [2024-10-25T18:17:36.780+0000] {dag.py:4180} INFO - Setting next_dagrun for my_simple_dag to 2024-10-25 00:00:00+00:00, run_after=2024-10-26 00:00:00+00:00
[2024-10-25T18:17:36.801+0000] {processor.py:208} INFO - Processing /opt/airflow/dags/my_dag.py took 0.098 seconds
[2024-10-25T18:18:07.012+0000] {processor.py:186} INFO - Started process (PID=197) to work on /opt/airflow/dags/my_dag.py
[2024-10-25T18:18:07.013+0000] {processor.py:914} INFO - Processing file /opt/airflow/dags/my_dag.py for tasks to queue
[2024-10-25T18:18:07.016+0000] {logging_mixin.py:190} INFO - [2024-10-25T18:18:07.015+0000] {dagbag.py:588} INFO - Filling up the DagBag from /opt/airflow/dags/my_dag.py
[2024-10-25T18:18:07.037+0000] {processor.py:925} INFO - DAG(s) 'my_simple_dag' retrieved from /opt/airflow/dags/my_dag.py
[2024-10-25T18:18:07.065+0000] {logging_mixin.py:190} INFO - [2024-10-25T18:18:07.064+0000] {dag.py:3239} INFO - Sync 1 DAGs
[2024-10-25T18:18:07.090+0000] {logging_mixin.py:190} INFO - [2024-10-25T18:18:07.090+0000] {dag.py:4180} INFO - Setting next_dagrun for my_simple_dag to 2024-10-25 00:00:00+00:00, run_after=2024-10-26 00:00:00+00:00
[2024-10-25T18:18:07.112+0000] {processor.py:208} INFO - Processing /opt/airflow/dags/my_dag.py took 0.106 seconds
[2024-10-25T18:18:37.239+0000] {processor.py:186} INFO - Started process (PID=202) to work on /opt/airflow/dags/my_dag.py
[2024-10-25T18:18:37.240+0000] {processor.py:914} INFO - Processing file /opt/airflow/dags/my_dag.py for tasks to queue
[2024-10-25T18:18:37.243+0000] {logging_mixin.py:190} INFO - [2024-10-25T18:18:37.243+0000] {dagbag.py:588} INFO - Filling up the DagBag from /opt/airflow/dags/my_dag.py
[2024-10-25T18:18:37.262+0000] {processor.py:925} INFO - DAG(s) 'my_simple_dag' retrieved from /opt/airflow/dags/my_dag.py
[2024-10-25T18:18:37.291+0000] {logging_mixin.py:190} INFO - [2024-10-25T18:18:37.291+0000] {dag.py:3239} INFO - Sync 1 DAGs
[2024-10-25T18:18:37.316+0000] {logging_mixin.py:190} INFO - [2024-10-25T18:18:37.315+0000] {dag.py:4180} INFO - Setting next_dagrun for my_simple_dag to 2024-10-25 00:00:00+00:00, run_after=2024-10-26 00:00:00+00:00
[2024-10-25T18:18:37.340+0000] {processor.py:208} INFO - Processing /opt/airflow/dags/my_dag.py took 0.106 seconds
